Launching OMS client with relay agent...
  JAVA_HOME: /Users/chris/Documents/BlueprintProject/jdk8u462-b08/Contents/Home
  Agent:     /Users/chris/Documents/BlueprintProject/relay-agent/build/blueprint-relay-agent.jar
  Log file:  /Users/chris/Documents/BlueprintProject/BlueprintRelay.log
  Classpath: /Users/chris/Documents/BlueprintProject/client_classpath.txt
  Service URL: https://us-cdn1.aws.bp-solutions.net/us_est6/FL/acc
  Extra VM opts: -Dsun.java2d.fontpath=/System/Library/Fonts:/System/Library/Fonts/Supplemental:/Library/Fonts -Dswing.defaultlaf=javax.swing.plaf.nimbus.NimbusLookAndFeel

[RelayAgent] Blueprint relay agent starting (args: )
[RelayAgent] Installed package logger for com.blueprint.oms.a.a.*
[RelayAgent] Installed AWS provider logger for software.amazon.awssdk.auth.credentials.*
[RelayAgent] Installed HTTP request logger for Apache HttpClient
[RelayAgent] Installed SecurityManager exit guard
[RelayAgent] Detected OMSClient class load, kicking off context watcher
2026-01-27 21:46:42.618 INFO  [main] com.blueprint.oms.gui.OMSClient - loading spring configuration...
2026-01-27 21:46:42.962 INFO  [main] org.springframework.beans.factory.xml.XmlBeanDefinitionReader - Loading XML bean definitions from URL [file:/Users/chris/Documents/BlueprintProject/client_runtime/springClientContext.xml]
[RelayAgent] Spring context detected: org.springframework.context.support.GenericApplicationContext
[RelayAgent] Failed to register context listener: null
[RelayAgent] Waiting for Spring context refresh to complete
[RelayAgent] getBeanFactory succeeded, assuming context is active
[RelayAgent] Context exposes 0 beans, first 0: []
[RelayAgent] Failed to resolve omsController bean: No bean named 'omsController' is defined (org.springframework.beans.factory.NoSuchBeanDefinitionException)
[RelayAgent] Attempt 1 to resolve bean 'omsController'
[RelayAgent] Bean resolution attempt 1 failed: No bean named 'omsController' is defined (org.springframework.beans.factory.NoSuchBeanDefinitionException)
2026-01-27 21:46:43.629 INFO  [main] org.springframework.beans.factory.xml.XmlBeanDefinitionReader - Loading XML bean definitions from URL [file:/Users/chris/Documents/BlueprintProject/client_runtime/shared/springClientContext_base.xml]
[RelayAgent] Attempt 2 to resolve bean 'omsController'
[RelayAgent] Bean resolution attempt 2 failed: No bean named 'omsController' is defined (org.springframework.beans.factory.NoSuchBeanDefinitionException)
2026-01-27 21:46:43.914 INFO  [main] org.springframework.beans.factory.xml.XmlBeanDefinitionReader - Loading XML bean definitions from URL [file:/Users/chris/Documents/BlueprintProject/client_runtime/shared/noah.xml]
2026-01-27 21:46:44.040 INFO  [main] org.springframework.beans.factory.xml.XmlBeanDefinitionReader - Loading XML bean definitions from URL [file:/Users/chris/Documents/BlueprintProject/client_runtime/shared/forms_US.xml]
2026-01-27 21:46:44.113 INFO  [main] org.springframework.beans.factory.xml.XmlBeanDefinitionReader - Loading XML bean definitions from URL [file:/Users/chris/Documents/BlueprintProject/client_runtime/shared/forms_generic.xml]
2026-01-27 21:46:44.243 INFO  [main] org.springframework.beans.factory.xml.XmlBeanDefinitionReader - Loading XML bean definitions from URL [file:/Users/chris/Documents/BlueprintProject/client_runtime/shared/forms_US_hcfa.xml]
[RelayAgent] Attempt 3 to resolve bean 'omsController'
[RelayAgent] Bean resolution attempt 3 failed: Error creating bean with name 'omsController' defined in URL [file:/Users/chris/Documents/BlueprintProject/client_runtime/shared/springClientContext_base.xml]: Cannot resolve reference to bean 'serverURL' while setting constructor argument; nested exception is org.springframework.beans.factory.BeanCreationException: Error creating bean with name 'serverURL' defined in URL [file:/Users/chris/Documents/BlueprintProject/client_runtime/shared/springClientContext_base.xml]: Instantiation of bean failed; nested exception is org.springframework.beans.BeanInstantiationException: Could not instantiate bean class [java.net.URL]: Constructor threw exception; nested exception is java.net.MalformedURLException: no protocol: ${SERVICE_URL:https://us-cdn1.aws.bp-solutions.net/us_est6/FL/acc} (org.springframework.beans.factory.BeanCreationException)
2026-01-27 21:46:44.560 INFO  [main] org.springframework.beans.factory.support.DefaultListableBeanFactory - Overriding bean definition for bean 'clientForms': replacing [Generic bean: class [java.util.LinkedList]; scope=prototype; abstract=false; lazyInit=false; autowireMode=0; dependencyCheck=0; autowireCandidate=true; primary=false; factoryBeanName=null; factoryMethodName=null; initMethodName=null; destroyMethodName=null; defined in URL [file:/Users/chris/Documents/BlueprintProject/client_runtime/shared/forms_generic.xml]] with [Generic bean: class [java.util.LinkedList]; scope=prototype; abstract=false; lazyInit=false; autowireMode=0; dependencyCheck=0; autowireCandidate=true; primary=false; factoryBeanName=null; factoryMethodName=null; initMethodName=null; destroyMethodName=null; defined in URL [file:/Users/chris/Documents/BlueprintProject/client_runtime/shared/forms_US_hcfa.xml]]
2026-01-27 21:46:44.569 INFO  [main] org.springframework.beans.factory.support.DefaultListableBeanFactory - Overriding bean definition for bean 'clientWriteOff': replacing [Generic bean: class [com.blueprint.oms.common.clientreporting.ReportTemplate]; scope=; abstract=false; lazyInit=false; autowireMode=0; dependencyCheck=0; autowireCandidate=true; primary=false; factoryBeanName=null; factoryMethodName=null; initMethodName=null; destroyMethodName=null; defined in URL [file:/Users/chris/Documents/BlueprintProject/client_runtime/shared/forms_generic.xml]] with [Generic bean: class [com.blueprint.oms.common.clientreporting.ReportTemplate]; scope=; abstract=false; lazyInit=false; autowireMode=0; dependencyCheck=0; autowireCandidate=true; primary=false; factoryBeanName=null; factoryMethodName=null; initMethodName=null; destroyMethodName=null; defined in URL [file:/Users/chris/Documents/BlueprintProject/client_runtime/shared/forms_US.xml]]
2026-01-27 21:46:44.570 INFO  [main] org.springframework.beans.factory.support.DefaultListableBeanFactory - Overriding bean definition for bean 'insurerWriteOff': replacing [Generic bean: class [com.blueprint.oms.common.clientreporting.ReportTemplate]; scope=; abstract=false; lazyInit=false; autowireMode=0; dependencyCheck=0; autowireCandidate=true; primary=false; factoryBeanName=null; factoryMethodName=null; initMethodName=null; destroyMethodName=null; defined in URL [file:/Users/chris/Documents/BlueprintProject/client_runtime/shared/forms_generic.xml]] with [Generic bean: class [com.blueprint.oms.common.clientreporting.ReportTemplate]; scope=; abstract=false; lazyInit=false; autowireMode=0; dependencyCheck=0; autowireCandidate=true; primary=false; factoryBeanName=null; factoryMethodName=null; initMethodName=null; destroyMethodName=null; defined in URL [file:/Users/chris/Documents/BlueprintProject/client_runtime/shared/forms_US.xml]]
2026-01-27 21:46:44.570 INFO  [main] org.springframework.beans.factory.support.DefaultListableBeanFactory - Overriding bean definition for bean 'repairOrder': replacing [Generic bean: class [com.blueprint.oms.common.clientreporting.ReportTemplate]; scope=singleton; abstract=false; lazyInit=false; autowireMode=0; dependencyCheck=0; autowireCandidate=true; primary=false; factoryBeanName=null; factoryMethodName=null; initMethodName=null; destroyMethodName=null; defined in URL [file:/Users/chris/Documents/BlueprintProject/client_runtime/shared/forms_generic.xml]] with [Generic bean: class [com.blueprint.oms.common.clientreporting.ReportTemplate]; scope=singleton; abstract=false; lazyInit=false; autowireMode=0; dependencyCheck=0; autowireCandidate=true; primary=false; factoryBeanName=null; factoryMethodName=null; initMethodName=null; destroyMethodName=null; defined in URL [file:/Users/chris/Documents/BlueprintProject/client_runtime/shared/forms_US.xml]]
2026-01-27 21:46:44.570 INFO  [main] org.springframework.beans.factory.support.DefaultListableBeanFactory - Overriding bean definition for bean 'clientForms': replacing [Generic bean: class [java.util.LinkedList]; scope=prototype; abstract=false; lazyInit=false; autowireMode=0; dependencyCheck=0; autowireCandidate=true; primary=false; factoryBeanName=null; factoryMethodName=null; initMethodName=null; destroyMethodName=null; defined in URL [file:/Users/chris/Documents/BlueprintProject/client_runtime/shared/forms_US_hcfa.xml]] with [Generic bean: class [java.util.LinkedList]; scope=prototype; abstract=false; lazyInit=false; autowireMode=0; dependencyCheck=0; autowireCandidate=true; primary=false; factoryBeanName=null; factoryMethodName=null; initMethodName=null; destroyMethodName=null; defined in URL [file:/Users/chris/Documents/BlueprintProject/client_runtime/shared/forms_US.xml]]
2026-01-27 21:46:44.571 INFO  [main] org.springframework.beans.factory.support.DefaultListableBeanFactory - Overriding bean definition for bean 'codeVersion': replacing [Generic bean: class [java.lang.String]; scope=; abstract=false; lazyInit=false; autowireMode=0; dependencyCheck=0; autowireCandidate=true; primary=false; factoryBeanName=null; factoryMethodName=null; initMethodName=null; destroyMethodName=null; defined in URL [file:/Users/chris/Documents/BlueprintProject/client_runtime/shared/springClientContext_base.xml]] with [Generic bean: class [java.lang.String]; scope=; abstract=false; lazyInit=false; autowireMode=0; dependencyCheck=0; autowireCandidate=true; primary=false; factoryBeanName=null; factoryMethodName=null; initMethodName=null; destroyMethodName=null; defined in URL [file:/Users/chris/Documents/BlueprintProject/client_runtime/springClientContext.xml]]
2026-01-27 21:46:44.571 INFO  [main] org.springframework.beans.factory.support.DefaultListableBeanFactory - Overriding bean definition for bean 'bplinkCodeVersion': replacing [Generic bean: class [java.lang.String]; scope=; abstract=false; lazyInit=false; autowireMode=0; dependencyCheck=0; autowireCandidate=true; primary=false; factoryBeanName=null; factoryMethodName=null; initMethodName=null; destroyMethodName=null; defined in URL [file:/Users/chris/Documents/BlueprintProject/client_runtime/shared/springClientContext_base.xml]] with [Generic bean: class [java.lang.String]; scope=; abstract=false; lazyInit=false; autowireMode=0; dependencyCheck=0; autowireCandidate=true; primary=false; factoryBeanName=null; factoryMethodName=null; initMethodName=null; destroyMethodName=null; defined in URL [file:/Users/chris/Documents/BlueprintProject/client_runtime/springClientContext.xml]]
2026-01-27 21:46:44.580 INFO  [main] org.springframework.context.support.GenericApplicationContext - Refreshing org.springframework.context.support.GenericApplicationContext@53aad5d5: startup date [Tue Jan 27 21:46:44 EST 2026]; root of context hierarchy
2026-01-27 21:46:44.967 INFO  [main] org.springframework.beans.factory.config.PropertiesFactoryBean - Loading properties file from URL [file:/Users/chris/Documents/BlueprintProject/client_runtime/shared/clientConfig_generic.properties]
2026-01-27 21:46:44.974 INFO  [main] org.springframework.beans.factory.config.PropertiesFactoryBean - Loading properties file from URL [file:/Users/chris/Documents/BlueprintProject/client_runtime/clientConfig_base.properties]
2026-01-27 21:46:44.976 INFO  [main] org.springframework.beans.factory.config.PropertiesFactoryBean - Loading properties file from URL [file:/Users/chris/Documents/BlueprintProject/client_runtime/clientConfig.properties]
[RelayAgent] Attempt 4 to resolve bean 'omsController'
2026-01-27 21:46:45.149 INFO  [BlueprintRelay-ContextWatcher] com.blueprint.oms.controller.OMSControllerImpl - Initializing object to XML mapping
2026-01-27 21:46:46.963 INFO  [BlueprintRelay-ContextWatcher] com.blueprint.oms.controller.OMSControllerImpl - Finished initialization
[RelayAgent] Resolved bean 'omsController' on attempt 4 (com.blueprint.oms.controller.OMSControllerImpl)
[RelayAgent] Creating proxy for omsController using interfaces: [interface com.blueprint.oms.controller.OMSControllerInterface]
[RelayAgent] Registered omsController proxy in bean factory
2026-01-27 21:46:47.292 INFO  [main] org.springframework.beans.factory.support.DefaultListableBeanFactory - Pre-instantiating singletons in org.springframework.beans.factory.support.DefaultListableBeanFactory@29a5f4e7: defining beans [codeVersion,bplinkCodeVersion,properties,propertyConfigurer,codeBase,serverSpec,generalSettings,schedulingMainPanel,serverURL,omsController,guiController,addressFormatter,noahJMSTemplate,genericFormFieldGenerator,clientSummaryFieldGenerator,lossAndDamageClaimFormFieldGenerator,newAidOrderFormFieldGenerator,returnAidOrderFormFieldGenerator,audiologicalFieldGenerator,lossandDamageContextValidator,newAidOrderContextValidator,invalidContextValidator,lossAndDamageClaimForm,newAidOrderForm,repairOrder,hearingLossAssessment,physicianReportHearingLossAssessment,hearingAssessment_PDF,physicianReportHearingAssessment_PDF,clientMiscCreditMemo,clientWriteOff,insurerWriteOff,recallDetails,monthlyInventoryReport,clientForms,hcfaFieldGenerator,hcfa0212FieldGenerator,hcfa0212PdfFieldGenerator,hcfaContextValidator,HCFA1500,HCFA1500_02_12,HCFA1500_02_12_PDF,HCFA1500_02_12_PDF_NO_BACKGROUND,purchaseAgreementFieldGenerator,purchaseAgreementContextValidator,superbill,superbill_PDF,sprintCapTel]; root of factory hierarchy
[RelayAgent] Skipping bean 'schedulingMainPanel': Error creating bean with name 'schedulingMainPanel' defined in URL [file:/Users/chris/Documents/BlueprintProject/client_runtime/shared/springClientContext_base.xml]: Instantiation of bean failed; nested exception is org.springframework.beans.BeanInstantiationException: Could not instantiate bean class [com.blueprint.scheduling.client.ui.main.SchedulingMainPanel]: Constructor threw exception; nested exception is java.lang.NullPointerException (org.springframework.beans.factory.BeanCreationException)
2026-01-27 21:46:49.833 INFO  [main] com.blueprint.oms.gui.OMSClient - Unable to locate bean: omsServiceDecorator
2026-01-27 21:46:51.409 WARN  [main] com.blueprint.oms.gui.OMSClient - JVM architecture does not match version of Morena.
[RelayAgent] Installed package logger on com.blueprint.oms.a.a.c
[RelayAgent] Injected proxy into bean 'guiController' (com.blueprint.oms.gui.us.GUIController_US)
[RelayAgent] Skipping bean 'noahJMSTemplate': Error creating bean with name 'noahJMSTemplate' defined in URL [file:/Users/chris/Documents/BlueprintProject/client_runtime/shared/noah.xml]: Invocation of init method failed; nested exception is java.lang.IllegalArgumentException: Property 'connectionFactory' is required (org.springframework.beans.factory.BeanCreationException)
[RelayAgent] Creating proxy for OMSService using interfaces: [interface com.blueprint.oms.service.us.OMSService_US, interface org.springframework.aop.SpringProxy, interface org.springframework.aop.framework.Advised]
[RelayAgent] Wrapped OMSService field 'ab' on com.blueprint.oms.gui.us.GUIController_US
[RelayAgent] Creating proxy for OMSService using interfaces: [interface com.blueprint.oms.service.us.OMSService_US, interface org.springframework.aop.SpringProxy, interface org.springframework.aop.framework.Advised]
[RelayAgent] Wrapped OMSService field 'ac' on com.blueprint.oms.gui.us.GUIController_US
[RelayAgent] Creating proxy for OMSService using interfaces: [interface com.blueprint.oms.service.us.OMSService_US, interface org.springframework.aop.SpringProxy, interface org.springframework.aop.framework.Advised]
[RelayAgent] Wrapped OMSService field 'x' on com.blueprint.oms.gui.us.GUIController_US
[RelayAgent] Creating proxy for OMSService using interfaces: [interface com.blueprint.oms.service.us.OMSService_US, interface org.springframework.aop.SpringProxy, interface org.springframework.aop.framework.Advised]
[RelayAgent] Wrapped OMSService field 'y' on com.blueprint.oms.gui.us.GUIController_US
[RelayAgent] Creating proxy for OMSService using interfaces: [interface com.blueprint.oms.service.us.OMSService_US, interface org.springframework.aop.SpringProxy, interface org.springframework.aop.framework.Advised]
[RelayAgent] Wrapped OMSService field 'z' on com.blueprint.oms.gui.us.GUIController_US
[RelayAgent] Skipping bean 'schedulingMainPanel' during JMS install: Error creating bean with name 'schedulingMainPanel' defined in URL [file:/Users/chris/Documents/BlueprintProject/client_runtime/shared/springClientContext_base.xml]: Instantiation of bean failed; nested exception is org.springframework.beans.BeanInstantiationException: Could not instantiate bean class [com.blueprint.scheduling.client.ui.main.SchedulingMainPanel]: Constructor threw exception; nested exception is java.lang.NullPointerException (org.springframework.beans.factory.BeanCreationException)
[RelayAgent] Skipping bean 'noahJMSTemplate' during JMS install: Error creating bean with name 'noahJMSTemplate' defined in URL [file:/Users/chris/Documents/BlueprintProject/client_runtime/shared/noah.xml]: Invocation of init method failed; nested exception is java.lang.IllegalArgumentException: Property 'connectionFactory' is required (org.springframework.beans.factory.BeanCreationException)
[RelayAgent] Skipping bean 'schedulingMainPanel' during JMS field scan: Error creating bean with name 'schedulingMainPanel' defined in URL [file:/Users/chris/Documents/BlueprintProject/client_runtime/shared/springClientContext_base.xml]: Instantiation of bean failed; nested exception is org.springframework.beans.BeanInstantiationException: Could not instantiate bean class [com.blueprint.scheduling.client.ui.main.SchedulingMainPanel]: Constructor threw exception; nested exception is java.lang.NullPointerException (org.springframework.beans.factory.BeanCreationException)
[RelayAgent] Skipping bean 'noahJMSTemplate' during JMS field scan: Error creating bean with name 'noahJMSTemplate' defined in URL [file:/Users/chris/Documents/BlueprintProject/client_runtime/shared/noah.xml]: Invocation of init method failed; nested exception is java.lang.IllegalArgumentException: Property 'connectionFactory' is required (org.springframework.beans.factory.BeanCreationException)
2026-01-27 21:47:03.300 INFO  [main] com.blueprint.oms.gui.OMSClient - Unable to locate bean: counselEarUserMap
2026-01-27 21:47:03.330 INFO  [Thread-5] org.apache.commons.a.A - I/O exception (java.net.ConnectException) caught when processing request: Connection refused (Connection refused)
2026-01-27 21:47:03.330 INFO  [Thread-5] org.apache.commons.a.A - Retrying request
2026-01-27 21:47:03.331 INFO  [Thread-5] org.apache.commons.a.A - I/O exception (java.net.ConnectException) caught when processing request: Connection refused (Connection refused)
2026-01-27 21:47:03.332 INFO  [Thread-5] org.apache.commons.a.A - Retrying request
2026-01-27 21:47:03.332 INFO  [Thread-5] org.apache.commons.a.A - I/O exception (java.net.ConnectException) caught when processing request: Connection refused (Connection refused)
2026-01-27 21:47:03.332 INFO  [Thread-5] org.apache.commons.a.A - Retrying request
2026-01-27 21:47:03.333 INFO  [Thread-5] com.blueprint.oms.gui.common.GUIUtil - Noah REST service not found on local computer
2026-01-27 21:47:14.504 INFO  [AWT-EventQueue-0] com.blueprint.oms.gui.logging.UserMetadataLogging - Logging user metadata
2026-01-27 21:47:14.506 INFO  [AWT-EventQueue-0] com.blueprint.oms.gui.us.GUIController_US - Sending login request for cpape to https://us-cdn1.aws.bp-solutions.net/us_est6/FL/acc
2026-01-27 21:47:14.545 INFO  [Thread-6] com.blueprint.oms.controller.OMSControllerImpl - sending login request to server
[RelayAgent] Installed AWS provider logger on software.amazon.awssdk.auth.credentials.AwsCredentials
[RelayAgent] Installed AWS provider logger on software.amazon.awssdk.auth.credentials.AwsCredentialsProvider
2026-01-27 21:47:22.050 INFO  [Thread-6] com.blueprint.oms.gui.OMSClient - Clinic timezone: Eastern Daylight Time (US/Eastern)
2026-01-27 21:47:22.052 INFO  [Thread-6] com.blueprint.oms.gui.OMSClient - No Crystal Reports, removing menu item: Reports (old)
2026-01-27 21:47:22.069 INFO  [Thread-6] com.blueprint.oms.gui.OMSClient - Unable to locate bean: healthCardFormatMapping
2026-01-27 21:47:22.088 INFO  [AWT-EventQueue-0] com.blueprint.oms.gui.us.GUIController_US - Login successful
2026-01-27 21:47:22.578 INFO  [AWT-EventQueue-0] com.blueprint.oms.gui.us.GUIController_US - Retrieving sms toolbar notifications
2026-01-27 21:47:22.584 INFO  [AWT-EventQueue-0] com.blueprint.oms.gui.us.GUIController_US - Requesting client list
[RelayAgent] Installed AWS provider logger on software.amazon.awssdk.auth.credentials.AwsBasicCredentials
[RelayAgent] Installed AWS provider logger on software.amazon.awssdk.auth.credentials.StaticCredentialsProvider
[RelayAgent] Installed HTTP request logger on org.apache.http.impl.client.HttpClients
[RelayAgent] Installed HTTP request logger on org.apache.http.impl.client.CloseableHttpClient
[RelayAgent] Installed HTTP request logger on org.apache.http.impl.client.MinimalHttpClient
[RelayAgent] Installed HTTP request logger on org.apache.http.impl.client.HttpClientBuilder
[RelayAgent] Installed HTTP request logger on org.apache.http.impl.client.InternalHttpClient
[RelayAgent] Installed HTTP request logger on org.apache.http.impl.client.DefaultClientConnectionReuseStrategy
[RelayAgent] Installed HTTP request logger on org.apache.http.impl.client.TargetAuthenticationStrategy
[RelayAgent] Installed HTTP request logger on org.apache.http.impl.client.AuthenticationStrategyImpl
[RelayAgent] Installed HTTP request logger on org.apache.http.impl.client.ProxyAuthenticationStrategy
[RelayAgent] Installed HTTP request logger on org.apache.http.impl.client.DefaultUserTokenHandler
[RelayAgent] Installed HTTP request logger on org.apache.http.impl.client.CookieSpecRegistries
[RelayAgent] Installed HTTP request logger on org.apache.http.impl.client.BasicCookieStore
[RelayAgent] Installed HTTP request logger on org.apache.http.impl.client.BasicCredentialsProvider
[RelayAgent] Installed HTTP request logger on org.apache.http.impl.client.HttpClientBuilder$2
[RelayAgent] Installed AWS provider logger on software.amazon.awssdk.auth.credentials.CredentialUtils
[RelayAgent] Installed AWS provider logger on software.amazon.awssdk.auth.credentials.AwsSessionCredentials
[RelayAgent] HTTP request: https://sqs.us-east-2.amazonaws.com headers=[Host, amz-sdk-invocation-id, amz-sdk-request, Authorization, Content-Type, User-Agent, X-Amz-Date]
[RelayAgent] Installed HTTP request logger on org.apache.http.impl.client.DefaultConnectionKeepAliveStrategy
2026-01-27 21:47:27.386 INFO  [AWT-EventQueue-0] com.blueprint.oms.gui.us.GUIController_US - Subscribing user queue FL_accQueue_UserNotification_50_maclan to topic FL_accTopic_UserNotification_50
[RelayAgent] HTTP request: https://sns.us-east-2.amazonaws.com headers=[Host, amz-sdk-invocation-id, amz-sdk-request, Authorization, Content-Type, User-Agent, X-Amz-Date]
2026-01-27 21:47:27.851 INFO  [AWT-EventQueue-0] com.blueprint.oms.gui.us.GUIController_US - Subscribing user queue FL_accQueue_UserNotification_50_maclan to clinic topic FL_accTopic
[RelayAgent] HTTP request: https://sns.us-east-2.amazonaws.com headers=[Host, amz-sdk-invocation-id, amz-sdk-request, Authorization, Content-Type, User-Agent, X-Amz-Date]
[RelayAgent] HTTP request: https://sns.us-east-2.amazonaws.com headers=[Host, amz-sdk-invocation-id, amz-sdk-request, Authorization, Content-Type, User-Agent, X-Amz-Date]
2026-01-27 21:47:28.141 INFO  [AWT-EventQueue-0] com.blueprint.oms.gui.us.GUIController_US - Starting notification message listener...
[RelayAgent] Installed package logger on com.blueprint.oms.a.a.a
[RelayAgent] Installed package logger on com.blueprint.oms.a.a.b
2026-01-27 21:47:28.418 INFO  [AWT-EventQueue-0] com.blueprint.oms.a.a.a - Notification system listening for messages...
2026-01-27 21:47:28.420 INFO  [AWT-EventQueue-0] com.blueprint.oms.a.a.c - Starting listener on queue: FL_accQueue_UserNotification_50_maclan
[RelayAgent] Installed package logger on com.blueprint.oms.a.a.d
[RelayAgent] HTTP request: https://sqs.us-east-2.amazonaws.com headers=[Host, amz-sdk-invocation-id, amz-sdk-request, Authorization, Content-Type, User-Agent, X-Amz-Date]
2026-01-27 21:47:28.527 INFO  [AWT-EventQueue-0] com.blueprint.scheduling.client.ui.main.SchedulingMainPanel - Initializing scheduler...
2026-01-27 21:47:28.804 INFO  [Thread-9] com.blueprint.oms.a.a.a - Received message with payload type: loggedOnElsewhere
[RelayAgent] HTTP request: https://sqs.us-east-2.amazonaws.com headers=[Host, amz-sdk-invocation-id, amz-sdk-request, Authorization, Content-Type, User-Agent, X-Amz-Date]
[RelayAgent] HTTP request: https://sqs.us-east-2.amazonaws.com headers=[Host, amz-sdk-invocation-id, amz-sdk-request, Authorization, Content-Type, User-Agent, X-Amz-Date]
2026-01-27 21:47:29.564 INFO  [AWT-EventQueue-0] com.blueprint.scheduling.client.ui.main.SchedulingMainPanel - Timezone is Eastern Daylight Time
2026-01-27 21:47:29.567 INFO  [AWT-EventQueue-0] com.blueprint.scheduling.client.ui.main.SchedulingMainPanel - Scheduling for 1 locations, 53 event types
2026-01-27 21:47:30.811 INFO  [AWT-EventQueue-0] com.blueprint.scheduling.client.controller.BlueprintSchedulingController - Retrieving events for period Jan 27, 2026 12:00:00 AM to Jan 27, 2026 11:59:59 PM
2026-01-27 21:47:30.853 INFO  [AWT-EventQueue-0] com.blueprint.scheduling.client.controller.BlueprintSchedulingController - Retrieving waiting room events on Jan 27, 2026 9:47:30 PM for location 1
2026-01-27 21:47:30.975 INFO  [AWT-EventQueue-0] com.blueprint.oms.gui.OMSClient - Unable to locate bean: counselEarUserMap
2026-01-27 21:47:31.070 WARN  [AWT-EventQueue-0] com.blueprint.oms.gui.OMSClient - Unable to locate bean: customForms
2026-01-27 21:47:31.097 INFO  [AWT-EventQueue-0] com.blueprint.oms.gui.us.GUIController_US - Sending request for user report access, client form reports only.
2026-01-27 21:47:31.166 INFO  [AWT-EventQueue-0] com.blueprint.oms.chatcontroller.BlueprintChatController - Retrieving conversations for user 50
[RelayAgent] HTTP request: https://sqs.us-east-2.amazonaws.com headers=[Host, amz-sdk-invocation-id, amz-sdk-request, Authorization, Content-Type, User-Agent, X-Amz-Date]
2026-01-27 21:47:31.311 INFO  [AWT-EventQueue-0] com.blueprint.oms.gui.us.GUIController_US - Retrieving clinic-specific dictionary...
2026-01-27 21:47:31.423 INFO  [AWT-EventQueue-0] com.blueprint.oms.gui.us.GUIController_US - Retrieving sms toolbar notifications
2026-01-27 21:47:31.944 INFO  [AWT-EventQueue-0] com.blueprint.oms.gui.us.GUIController_US - Starting chat message listener...
[RelayAgent] HTTP request: https://sqs.us-east-2.amazonaws.com headers=[Host, amz-sdk-invocation-id, amz-sdk-request, Authorization, Content-Type, User-Agent, X-Amz-Date]
2026-01-27 21:47:32.033 INFO  [AWT-EventQueue-0] com.blueprint.oms.a.a.a - Notification system listening for messages...
2026-01-27 21:47:32.033 INFO  [AWT-EventQueue-0] com.blueprint.oms.a.a.c - Starting listener on queue: FL_accQueue_UserChat_50.fifo
2026-01-27 21:47:32.043 INFO  [AWT-EventQueue-0] com.blueprint.oms.gui.logging.BplinkDetectionLogging - Logging BPLink data
[RelayAgent] HTTP request: https://sqs.us-east-2.amazonaws.com headers=[Host, amz-sdk-invocation-id, amz-sdk-request, Authorization, Content-Type, User-Agent, X-Amz-Date]
[RelayAgent] HTTP request: https://bp-temp-us.s3.us-east-2.amazonaws.com/178124e2-f5ba-4c24-bacc-c4de17791b72 headers=[Host, amz-sdk-invocation-id, amz-sdk-request, Authorization, User-Agent, x-amz-content-sha256, X-Amz-Date, x-amz-te]
2026-01-27 21:47:33.885 INFO  [Thread-9] com.blueprint.oms.a.a.a - Received message with payload type: reportUserClientForm
[RelayAgent] HTTP request: https://sqs.us-east-2.amazonaws.com headers=[Host, amz-sdk-invocation-id, amz-sdk-request, Authorization, Content-Type, User-Agent, X-Amz-Date]
[RelayAgent] HTTP request: https://sqs.us-east-2.amazonaws.com headers=[Host, amz-sdk-invocation-id, amz-sdk-request, Authorization, Content-Type, User-Agent, X-Amz-Date]
2026-01-27 21:47:40.180 INFO  [AWT-EventQueue-0] com.blueprint.oms.gui.us.GUIController_US - Sending request for user report access, all reports.
[RelayAgent] HTTP request: https://sqs.us-east-2.amazonaws.com headers=[Host, amz-sdk-invocation-id, amz-sdk-request, Authorization, Content-Type, User-Agent, X-Amz-Date]
[RelayAgent] HTTP request: https://bp-temp-us.s3.us-east-2.amazonaws.com/8bdd3cd9-0d98-48d6-a136-4f498103f0ab headers=[Host, amz-sdk-invocation-id, amz-sdk-request, Authorization, User-Agent, x-amz-content-sha256, X-Amz-Date, x-amz-te]
[RelayAgent] HTTP request: https://sqs.us-east-2.amazonaws.com headers=[Host, amz-sdk-invocation-id, amz-sdk-request, Authorization, Content-Type, User-Agent, X-Amz-Date]
2026-01-27 21:47:44.850 INFO  [Thread-9] com.blueprint.oms.a.a.a - Received message with payload type: reportUser
Exception in thread "AWT-EventQueue-0" java.lang.NullPointerException
	at sun.font.FontDesignMetrics$MetricsKey.init(FontDesignMetrics.java:217)
	at sun.font.FontDesignMetrics.getMetrics(FontDesignMetrics.java:286)
	at sun.swing.SwingUtilities2.getFontMetrics(SwingUtilities2.java:1125)
	at javax.swing.JComponent.getFontMetrics(JComponent.java:1626)
	at com.jidesoft.plaf.basic.BasicJideTabbedPaneUI.getFontMetrics(BasicJideTabbedPaneUI.java:5066)
	at com.jidesoft.plaf.basic.BasicJideTabbedPaneUI.calculateMaxTabHeight(BasicJideTabbedPaneUI.java:4916)
	at com.jidesoft.plaf.basic.BasicJideTabbedPaneUI$TabbedPaneScrollLayout.calculateTabRects(BasicJideTabbedPaneUI.java:7152)
	at com.jidesoft.plaf.basic.BasicJideTabbedPaneUI$TabbedPaneLayout.calculateLayoutInfo(BasicJideTabbedPaneUI.java:6066)
	at com.jidesoft.plaf.basic.BasicJideTabbedPaneUI$TabbedPaneScrollLayout.layoutContainer(BasicJideTabbedPaneUI.java:6448)
	at java.awt.Container.layout(Container.java:1513)
	at java.awt.Container.doLayout(Container.java:1502)
	at java.awt.Container.validateTree(Container.java:1698)
	at java.awt.Container.validateTree(Container.java:1707)
	at java.awt.Container.validateTree(Container.java:1707)
	at java.awt.Container.validateTree(Container.java:1707)
	at java.awt.Container.validateTree(Container.java:1707)
	at java.awt.Container.validateTree(Container.java:1707)
	at java.awt.Container.validate(Container.java:1633)
	at javax.swing.RepaintManager$3.run(RepaintManager.java:711)
	at javax.swing.RepaintManager$3.run(RepaintManager.java:709)
	at java.security.AccessController.doPrivileged(Native Method)
	at java.security.ProtectionDomain$JavaSecurityAccessImpl.doIntersectionPrivilege(ProtectionDomain.java:74)
	at javax.swing.RepaintManager.validateInvalidComponents(RepaintManager.java:708)
	at javax.swing.RepaintManager$ProcessingRunnable.run(RepaintManager.java:1731)
	at java.awt.event.InvocationEvent.dispatch(InvocationEvent.java:311)
	at java.awt.EventQueue.dispatchEventImpl(EventQueue.java:758)
	at java.awt.EventQueue.access$500(EventQueue.java:97)
	at java.awt.EventQueue$3.run(EventQueue.java:709)
	at java.awt.EventQueue$3.run(EventQueue.java:703)
	at java.security.AccessController.doPrivileged(Native Method)
	at java.security.ProtectionDomain$JavaSecurityAccessImpl.doIntersectionPrivilege(ProtectionDomain.java:74)
	at java.awt.EventQueue.dispatchEvent(EventQueue.java:728)
	at java.awt.EventDispatchThread.pumpOneEventForFilters(EventDispatchThread.java:205)
	at java.awt.EventDispatchThread.pumpEventsForFilter(EventDispatchThread.java:116)
	at java.awt.EventDispatchThread.pumpEventsForHierarchy(EventDispatchThread.java:105)
	at java.awt.EventDispatchThread.pumpEvents(EventDispatchThread.java:101)
	at java.awt.EventDispatchThread.pumpEvents(EventDispatchThread.java:93)
	at java.awt.EventDispatchThread.run(EventDispatchThread.java:82)
[RelayAgent] HTTP request: https://sqs.us-east-2.amazonaws.com headers=[Host, amz-sdk-invocation-id, amz-sdk-request, Authorization, Content-Type, User-Agent, X-Amz-Date]
[RelayAgent] HTTP request: https://sqs.us-east-2.amazonaws.com headers=[Host, amz-sdk-invocation-id, amz-sdk-request, Authorization, Content-Type, User-Agent, X-Amz-Date]
[RelayAgent] HTTP request: https://sqs.us-east-2.amazonaws.com headers=[Host, amz-sdk-invocation-id, amz-sdk-request, Authorization, Content-Type, User-Agent, X-Amz-Date]
[RelayAgent] HTTP request: https://sqs.us-east-2.amazonaws.com headers=[Host, amz-sdk-invocation-id, amz-sdk-request, Authorization, Content-Type, User-Agent, X-Amz-Date]
2026-01-27 21:47:57.968 INFO  [AWT-EventQueue-0] com.blueprint.oms.gui.us.GUIController_US - Sending report request for report: Payments and Refunds (Cash Flow)
[RelayAgent] HTTP request: https://sqs.us-east-2.amazonaws.com headers=[Host, amz-sdk-invocation-id, amz-sdk-request, Authorization, Content-Type, User-Agent, X-Amz-Date]
2026-01-27 21:47:59.812 INFO  [Thread-9] com.blueprint.oms.a.a.a - Received message with payload type: reportResponse
[RelayAgent] HTTP request: https://bp-temp-us.s3.us-east-2.amazonaws.com/FL_acc_50_1769568479693 headers=[Host, amz-sdk-invocation-id, amz-sdk-request, Authorization, User-Agent, x-amz-content-sha256, X-Amz-Date, x-amz-te]
2026-01-27 21:48:00.659 INFO  [Thread-9] org.springframework.beans.factory.xml.XmlBeanDefinitionReader - Loading XML bean definitions from URL [jar:file:/Users/chris/Documents/BlueprintProject/client_lib/shared/lib/arial-unicode-1.0.0.jar!/fonts/fonts1284146005640.xml]
[RelayAgent] HTTP request: https://sqs.us-east-2.amazonaws.com headers=[Host, amz-sdk-invocation-id, amz-sdk-request, Authorization, Content-Type, User-Agent, X-Amz-Date]
[RelayAgent] HTTP request: https://sqs.us-east-2.amazonaws.com headers=[Host, amz-sdk-invocation-id, amz-sdk-request, Authorization, Content-Type, User-Agent, X-Amz-Date]
[RelayAgent] HTTP request: https://sqs.us-east-2.amazonaws.com headers=[Host, amz-sdk-invocation-id, amz-sdk-request, Authorization, Content-Type, User-Agent, X-Amz-Date]
[RelayAgent] HTTP request: https://sqs.us-east-2.amazonaws.com headers=[Host, amz-sdk-invocation-id, amz-sdk-request, Authorization, Content-Type, User-Agent, X-Amz-Date]
[RelayAgent] HTTP request: https://sqs.us-east-2.amazonaws.com headers=[Host, amz-sdk-invocation-id, amz-sdk-request, Authorization, Content-Type, User-Agent, X-Amz-Date]
[RelayAgent] HTTP request: https://sqs.us-east-2.amazonaws.com headers=[Host, amz-sdk-invocation-id, amz-sdk-request, Authorization, Content-Type, User-Agent, X-Amz-Date]
[RelayAgent] HTTP request: https://sqs.us-east-2.amazonaws.com headers=[Host, amz-sdk-invocation-id, amz-sdk-request, Authorization, Content-Type, User-Agent, X-Amz-Date]
[RelayAgent] HTTP request: https://sqs.us-east-2.amazonaws.com headers=[Host, amz-sdk-invocation-id, amz-sdk-request, Authorization, Content-Type, User-Agent, X-Amz-Date]
[RelayAgent] HTTP request: https://sqs.us-east-2.amazonaws.com headers=[Host, amz-sdk-invocation-id, amz-sdk-request, Authorization, Content-Type, User-Agent, X-Amz-Date]
[RelayAgent] HTTP request: https://sqs.us-east-2.amazonaws.com headers=[Host, amz-sdk-invocation-id, amz-sdk-request, Authorization, Content-Type, User-Agent, X-Amz-Date]
[RelayAgent] HTTP request: https://sqs.us-east-2.amazonaws.com headers=[Host, amz-sdk-invocation-id, amz-sdk-request, Authorization, Content-Type, User-Agent, X-Amz-Date]
[RelayAgent] HTTP request: https://sqs.us-east-2.amazonaws.com headers=[Host, amz-sdk-invocation-id, amz-sdk-request, Authorization, Content-Type, User-Agent, X-Amz-Date]
[RelayAgent] HTTP request: https://sqs.us-east-2.amazonaws.com headers=[Host, amz-sdk-invocation-id, amz-sdk-request, Authorization, Content-Type, User-Agent, X-Amz-Date]
[RelayAgent] HTTP request: https://sqs.us-east-2.amazonaws.com headers=[Host, amz-sdk-invocation-id, amz-sdk-request, Authorization, Content-Type, User-Agent, X-Amz-Date]
[RelayAgent] HTTP request: https://sqs.us-east-2.amazonaws.com headers=[Host, amz-sdk-invocation-id, amz-sdk-request, Authorization, Content-Type, User-Agent, X-Amz-Date]
[RelayAgent] HTTP request: https://sqs.us-east-2.amazonaws.com headers=[Host, amz-sdk-invocation-id, amz-sdk-request, Authorization, Content-Type, User-Agent, X-Amz-Date]
[RelayAgent] HTTP request: https://sqs.us-east-2.amazonaws.com headers=[Host, amz-sdk-invocation-id, amz-sdk-request, Authorization, Content-Type, User-Agent, X-Amz-Date]
[RelayAgent] HTTP request: https://sqs.us-east-2.amazonaws.com headers=[Host, amz-sdk-invocation-id, amz-sdk-request, Authorization, Content-Type, User-Agent, X-Amz-Date]
[RelayAgent] HTTP request: https://sqs.us-east-2.amazonaws.com headers=[Host, amz-sdk-invocation-id, amz-sdk-request, Authorization, Content-Type, User-Agent, X-Amz-Date]
[RelayAgent] HTTP request: https://sqs.us-east-2.amazonaws.com headers=[Host, amz-sdk-invocation-id, amz-sdk-request, Authorization, Content-Type, User-Agent, X-Amz-Date]
[RelayAgent] HTTP request: https://sqs.us-east-2.amazonaws.com headers=[Host, amz-sdk-invocation-id, amz-sdk-request, Authorization, Content-Type, User-Agent, X-Amz-Date]
[RelayAgent] HTTP request: https://sqs.us-east-2.amazonaws.com headers=[Host, amz-sdk-invocation-id, amz-sdk-request, Authorization, Content-Type, User-Agent, X-Amz-Date]
[RelayAgent] HTTP request: https://sqs.us-east-2.amazonaws.com headers=[Host, amz-sdk-invocation-id, amz-sdk-request, Authorization, Content-Type, User-Agent, X-Amz-Date]
[RelayAgent] HTTP request: https://sqs.us-east-2.amazonaws.com headers=[Host, amz-sdk-invocation-id, amz-sdk-request, Authorization, Content-Type, User-Agent, X-Amz-Date]
[RelayAgent] HTTP request: https://sqs.us-east-2.amazonaws.com headers=[Host, amz-sdk-invocation-id, amz-sdk-request, Authorization, Content-Type, User-Agent, X-Amz-Date]
[RelayAgent] HTTP request: https://sqs.us-east-2.amazonaws.com headers=[Host, amz-sdk-invocation-id, amz-sdk-request, Authorization, Content-Type, User-Agent, X-Amz-Date]
[RelayAgent] HTTP request: https://sqs.us-east-2.amazonaws.com headers=[Host, amz-sdk-invocation-id, amz-sdk-request, Authorization, Content-Type, User-Agent, X-Amz-Date]
[RelayAgent] HTTP request: https://sqs.us-east-2.amazonaws.com headers=[Host, amz-sdk-invocation-id, amz-sdk-request, Authorization, Content-Type, User-Agent, X-Amz-Date]
[RelayAgent] HTTP request: https://sqs.us-east-2.amazonaws.com headers=[Host, amz-sdk-invocation-id, amz-sdk-request, Authorization, Content-Type, User-Agent, X-Amz-Date]
[RelayAgent] HTTP request: https://sqs.us-east-2.amazonaws.com headers=[Host, amz-sdk-invocation-id, amz-sdk-request, Authorization, Content-Type, User-Agent, X-Amz-Date]
[RelayAgent] HTTP request: https://sqs.us-east-2.amazonaws.com headers=[Host, amz-sdk-invocation-id, amz-sdk-request, Authorization, Content-Type, User-Agent, X-Amz-Date]
[RelayAgent] HTTP request: https://sqs.us-east-2.amazonaws.com headers=[Host, amz-sdk-invocation-id, amz-sdk-request, Authorization, Content-Type, User-Agent, X-Amz-Date]
[RelayAgent] HTTP request: https://sqs.us-east-2.amazonaws.com headers=[Host, amz-sdk-invocation-id, amz-sdk-request, Authorization, Content-Type, User-Agent, X-Amz-Date]
[RelayAgent] HTTP request: https://sqs.us-east-2.amazonaws.com headers=[Host, amz-sdk-invocation-id, amz-sdk-request, Authorization, Content-Type, User-Agent, X-Amz-Date]
[RelayAgent] HTTP request: https://sqs.us-east-2.amazonaws.com headers=[Host, amz-sdk-invocation-id, amz-sdk-request, Authorization, Content-Type, User-Agent, X-Amz-Date]
[RelayAgent] HTTP request: https://sqs.us-east-2.amazonaws.com headers=[Host, amz-sdk-invocation-id, amz-sdk-request, Authorization, Content-Type, User-Agent, X-Amz-Date]
[RelayAgent] HTTP request: https://sqs.us-east-2.amazonaws.com headers=[Host, amz-sdk-invocation-id, amz-sdk-request, Authorization, Content-Type, User-Agent, X-Amz-Date]
[RelayAgent] HTTP request: https://sqs.us-east-2.amazonaws.com headers=[Host, amz-sdk-invocation-id, amz-sdk-request, Authorization, Content-Type, User-Agent, X-Amz-Date]
[RelayAgent] HTTP request: https://sqs.us-east-2.amazonaws.com headers=[Host, amz-sdk-invocation-id, amz-sdk-request, Authorization, Content-Type, User-Agent, X-Amz-Date]
[RelayAgent] HTTP request: https://sqs.us-east-2.amazonaws.com headers=[Host, amz-sdk-invocation-id, amz-sdk-request, Authorization, Content-Type, User-Agent, X-Amz-Date]
[RelayAgent] HTTP request: https://sqs.us-east-2.amazonaws.com headers=[Host, amz-sdk-invocation-id, amz-sdk-request, Authorization, Content-Type, User-Agent, X-Amz-Date]
[RelayAgent] HTTP request: https://sqs.us-east-2.amazonaws.com headers=[Host, amz-sdk-invocation-id, amz-sdk-request, Authorization, Content-Type, User-Agent, X-Amz-Date]
[RelayAgent] HTTP request: https://sqs.us-east-2.amazonaws.com headers=[Host, amz-sdk-invocation-id, amz-sdk-request, Authorization, Content-Type, User-Agent, X-Amz-Date]
[RelayAgent] HTTP request: https://sqs.us-east-2.amazonaws.com headers=[Host, amz-sdk-invocation-id, amz-sdk-request, Authorization, Content-Type, User-Agent, X-Amz-Date]
[RelayAgent] HTTP request: https://sqs.us-east-2.amazonaws.com headers=[Host, amz-sdk-invocation-id, amz-sdk-request, Authorization, Content-Type, User-Agent, X-Amz-Date]
[RelayAgent] HTTP request: https://sqs.us-east-2.amazonaws.com headers=[Host, amz-sdk-invocation-id, amz-sdk-request, Authorization, Content-Type, User-Agent, X-Amz-Date]
[RelayAgent] HTTP request: https://sqs.us-east-2.amazonaws.com headers=[Host, amz-sdk-invocation-id, amz-sdk-request, Authorization, Content-Type, User-Agent, X-Amz-Date]
[RelayAgent] HTTP request: https://sqs.us-east-2.amazonaws.com headers=[Host, amz-sdk-invocation-id, amz-sdk-request, Authorization, Content-Type, User-Agent, X-Amz-Date]
[RelayAgent] HTTP request: https://sqs.us-east-2.amazonaws.com headers=[Host, amz-sdk-invocation-id, amz-sdk-request, Authorization, Content-Type, User-Agent, X-Amz-Date]
[RelayAgent] HTTP request: https://sqs.us-east-2.amazonaws.com headers=[Host, amz-sdk-invocation-id, amz-sdk-request, Authorization, Content-Type, User-Agent, X-Amz-Date]
[RelayAgent] HTTP request: https://sqs.us-east-2.amazonaws.com headers=[Host, amz-sdk-invocation-id, amz-sdk-request, Authorization, Content-Type, User-Agent, X-Amz-Date]
[RelayAgent] HTTP request: https://sqs.us-east-2.amazonaws.com headers=[Host, amz-sdk-invocation-id, amz-sdk-request, Authorization, Content-Type, User-Agent, X-Amz-Date]
[RelayAgent] HTTP request: https://sqs.us-east-2.amazonaws.com headers=[Host, amz-sdk-invocation-id, amz-sdk-request, Authorization, Content-Type, User-Agent, X-Amz-Date]
[RelayAgent] HTTP request: https://sqs.us-east-2.amazonaws.com headers=[Host, amz-sdk-invocation-id, amz-sdk-request, Authorization, Content-Type, User-Agent, X-Amz-Date]
[RelayAgent] HTTP request: https://sqs.us-east-2.amazonaws.com headers=[Host, amz-sdk-invocation-id, amz-sdk-request, Authorization, Content-Type, User-Agent, X-Amz-Date]
[RelayAgent] HTTP request: https://sqs.us-east-2.amazonaws.com headers=[Host, amz-sdk-invocation-id, amz-sdk-request, Authorization, Content-Type, User-Agent, X-Amz-Date]
[RelayAgent] HTTP request: https://sqs.us-east-2.amazonaws.com headers=[Host, amz-sdk-invocation-id, amz-sdk-request, Authorization, Content-Type, User-Agent, X-Amz-Date]
[RelayAgent] HTTP request: https://sqs.us-east-2.amazonaws.com headers=[Host, amz-sdk-invocation-id, amz-sdk-request, Authorization, Content-Type, User-Agent, X-Amz-Date]
[RelayAgent] HTTP request: https://sqs.us-east-2.amazonaws.com headers=[Host, amz-sdk-invocation-id, amz-sdk-request, Authorization, Content-Type, User-Agent, X-Amz-Date]
[RelayAgent] HTTP request: https://sqs.us-east-2.amazonaws.com headers=[Host, amz-sdk-invocation-id, amz-sdk-request, Authorization, Content-Type, User-Agent, X-Amz-Date]
[RelayAgent] HTTP request: https://sqs.us-east-2.amazonaws.com headers=[Host, amz-sdk-invocation-id, amz-sdk-request, Authorization, Content-Type, User-Agent, X-Amz-Date]
[RelayAgent] HTTP request: https://sqs.us-east-2.amazonaws.com headers=[Host, amz-sdk-invocation-id, amz-sdk-request, Authorization, Content-Type, User-Agent, X-Amz-Date]
[RelayAgent] HTTP request: https://sqs.us-east-2.amazonaws.com headers=[Host, amz-sdk-invocation-id, amz-sdk-request, Authorization, Content-Type, User-Agent, X-Amz-Date]
[RelayAgent] HTTP request: https://sqs.us-east-2.amazonaws.com headers=[Host, amz-sdk-invocation-id, amz-sdk-request, Authorization, Content-Type, User-Agent, X-Amz-Date]
[RelayAgent] HTTP request: https://sqs.us-east-2.amazonaws.com headers=[Host, amz-sdk-invocation-id, amz-sdk-request, Authorization, Content-Type, User-Agent, X-Amz-Date]
[RelayAgent] HTTP request: https://sqs.us-east-2.amazonaws.com headers=[Host, amz-sdk-invocation-id, amz-sdk-request, Authorization, Content-Type, User-Agent, X-Amz-Date]
[RelayAgent] HTTP request: https://sqs.us-east-2.amazonaws.com headers=[Host, amz-sdk-invocation-id, amz-sdk-request, Authorization, Content-Type, User-Agent, X-Amz-Date]
[RelayAgent] HTTP request: https://sqs.us-east-2.amazonaws.com headers=[Host, amz-sdk-invocation-id, amz-sdk-request, Authorization, Content-Type, User-Agent, X-Amz-Date]
[RelayAgent] HTTP request: https://sqs.us-east-2.amazonaws.com headers=[Host, amz-sdk-invocation-id, amz-sdk-request, Authorization, Content-Type, User-Agent, X-Amz-Date]
[RelayAgent] HTTP request: https://sqs.us-east-2.amazonaws.com headers=[Host, amz-sdk-invocation-id, amz-sdk-request, Authorization, Content-Type, User-Agent, X-Amz-Date]
[RelayAgent] HTTP request: https://sqs.us-east-2.amazonaws.com headers=[Host, amz-sdk-invocation-id, amz-sdk-request, Authorization, Content-Type, User-Agent, X-Amz-Date]
[RelayAgent] HTTP request: https://sqs.us-east-2.amazonaws.com headers=[Host, amz-sdk-invocation-id, amz-sdk-request, Authorization, Content-Type, User-Agent, X-Amz-Date]
[RelayAgent] HTTP request: https://sqs.us-east-2.amazonaws.com headers=[Host, amz-sdk-invocation-id, amz-sdk-request, Authorization, Content-Type, User-Agent, X-Amz-Date]
[RelayAgent] HTTP request: https://sqs.us-east-2.amazonaws.com headers=[Host, amz-sdk-invocation-id, amz-sdk-request, Authorization, Content-Type, User-Agent, X-Amz-Date]
[RelayAgent] HTTP request: https://sqs.us-east-2.amazonaws.com headers=[Host, amz-sdk-invocation-id, amz-sdk-request, Authorization, Content-Type, User-Agent, X-Amz-Date]
[RelayAgent] HTTP request: https://sqs.us-east-2.amazonaws.com headers=[Host, amz-sdk-invocation-id, amz-sdk-request, Authorization, Content-Type, User-Agent, X-Amz-Date]
[RelayAgent] HTTP request: https://sqs.us-east-2.amazonaws.com headers=[Host, amz-sdk-invocation-id, amz-sdk-request, Authorization, Content-Type, User-Agent, X-Amz-Date]
[RelayAgent] HTTP request: https://sqs.us-east-2.amazonaws.com headers=[Host, amz-sdk-invocation-id, amz-sdk-request, Authorization, Content-Type, User-Agent, X-Amz-Date]
[RelayAgent] HTTP request: https://sqs.us-east-2.amazonaws.com headers=[Host, amz-sdk-invocation-id, amz-sdk-request, Authorization, Content-Type, User-Agent, X-Amz-Date]
[RelayAgent] HTTP request: https://sqs.us-east-2.amazonaws.com headers=[Host, amz-sdk-invocation-id, amz-sdk-request, Authorization, Content-Type, User-Agent, X-Amz-Date]
[RelayAgent] HTTP request: https://sqs.us-east-2.amazonaws.com headers=[Host, amz-sdk-invocation-id, amz-sdk-request, Authorization, Content-Type, User-Agent, X-Amz-Date]
[RelayAgent] HTTP request: https://sqs.us-east-2.amazonaws.com headers=[Host, amz-sdk-invocation-id, amz-sdk-request, Authorization, Content-Type, User-Agent, X-Amz-Date]
[RelayAgent] HTTP request: https://sqs.us-east-2.amazonaws.com headers=[Host, amz-sdk-invocation-id, amz-sdk-request, Authorization, Content-Type, User-Agent, X-Amz-Date]
[RelayAgent] HTTP request: https://sqs.us-east-2.amazonaws.com headers=[Host, amz-sdk-invocation-id, amz-sdk-request, Authorization, Content-Type, User-Agent, X-Amz-Date]
[RelayAgent] HTTP request: https://sqs.us-east-2.amazonaws.com headers=[Host, amz-sdk-invocation-id, amz-sdk-request, Authorization, Content-Type, User-Agent, X-Amz-Date]
[RelayAgent] HTTP request: https://sqs.us-east-2.amazonaws.com headers=[Host, amz-sdk-invocation-id, amz-sdk-request, Authorization, Content-Type, User-Agent, X-Amz-Date]
[RelayAgent] HTTP request: https://sqs.us-east-2.amazonaws.com headers=[Host, amz-sdk-invocation-id, amz-sdk-request, Authorization, Content-Type, User-Agent, X-Amz-Date]
[RelayAgent] HTTP request: https://sqs.us-east-2.amazonaws.com headers=[Host, amz-sdk-invocation-id, amz-sdk-request, Authorization, Content-Type, User-Agent, X-Amz-Date]
[RelayAgent] HTTP request: https://sqs.us-east-2.amazonaws.com headers=[Host, amz-sdk-invocation-id, amz-sdk-request, Authorization, Content-Type, User-Agent, X-Amz-Date]
[RelayAgent] HTTP request: https://sqs.us-east-2.amazonaws.com headers=[Host, amz-sdk-invocation-id, amz-sdk-request, Authorization, Content-Type, User-Agent, X-Amz-Date]
[RelayAgent] HTTP request: https://sqs.us-east-2.amazonaws.com headers=[Host, amz-sdk-invocation-id, amz-sdk-request, Authorization, Content-Type, User-Agent, X-Amz-Date]
[RelayAgent] HTTP request: https://sqs.us-east-2.amazonaws.com headers=[Host, amz-sdk-invocation-id, amz-sdk-request, Authorization, Content-Type, User-Agent, X-Amz-Date]
[RelayAgent] HTTP request: https://sqs.us-east-2.amazonaws.com headers=[Host, amz-sdk-invocation-id, amz-sdk-request, Authorization, Content-Type, User-Agent, X-Amz-Date]
[RelayAgent] HTTP request: https://sqs.us-east-2.amazonaws.com headers=[Host, amz-sdk-invocation-id, amz-sdk-request, Authorization, Content-Type, User-Agent, X-Amz-Date]
[RelayAgent] HTTP request: https://sqs.us-east-2.amazonaws.com headers=[Host, amz-sdk-invocation-id, amz-sdk-request, Authorization, Content-Type, User-Agent, X-Amz-Date]
[RelayAgent] HTTP request: https://sqs.us-east-2.amazonaws.com headers=[Host, amz-sdk-invocation-id, amz-sdk-request, Authorization, Content-Type, User-Agent, X-Amz-Date]
[RelayAgent] HTTP request: https://sqs.us-east-2.amazonaws.com headers=[Host, amz-sdk-invocation-id, amz-sdk-request, Authorization, Content-Type, User-Agent, X-Amz-Date]
[RelayAgent] HTTP request: https://sqs.us-east-2.amazonaws.com headers=[Host, amz-sdk-invocation-id, amz-sdk-request, Authorization, Content-Type, User-Agent, X-Amz-Date]
[RelayAgent] HTTP request: https://sqs.us-east-2.amazonaws.com headers=[Host, amz-sdk-invocation-id, amz-sdk-request, Authorization, Content-Type, User-Agent, X-Amz-Date]
[RelayAgent] HTTP request: https://sqs.us-east-2.amazonaws.com headers=[Host, amz-sdk-invocation-id, amz-sdk-request, Authorization, Content-Type, User-Agent, X-Amz-Date]
[RelayAgent] HTTP request: https://sqs.us-east-2.amazonaws.com headers=[Host, amz-sdk-invocation-id, amz-sdk-request, Authorization, Content-Type, User-Agent, X-Amz-Date]
[RelayAgent] HTTP request: https://sqs.us-east-2.amazonaws.com headers=[Host, amz-sdk-invocation-id, amz-sdk-request, Authorization, Content-Type, User-Agent, X-Amz-Date]
[RelayAgent] HTTP request: https://sqs.us-east-2.amazonaws.com headers=[Host, amz-sdk-invocation-id, amz-sdk-request, Authorization, Content-Type, User-Agent, X-Amz-Date]
[RelayAgent] HTTP request: https://sqs.us-east-2.amazonaws.com headers=[Host, amz-sdk-invocation-id, amz-sdk-request, Authorization, Content-Type, User-Agent, X-Amz-Date]
[RelayAgent] HTTP request: https://sqs.us-east-2.amazonaws.com headers=[Host, amz-sdk-invocation-id, amz-sdk-request, Authorization, Content-Type, User-Agent, X-Amz-Date]
[RelayAgent] HTTP request: https://sqs.us-east-2.amazonaws.com headers=[Host, amz-sdk-invocation-id, amz-sdk-request, Authorization, Content-Type, User-Agent, X-Amz-Date]
[RelayAgent] HTTP request: https://sqs.us-east-2.amazonaws.com headers=[Host, amz-sdk-invocation-id, amz-sdk-request, Authorization, Content-Type, User-Agent, X-Amz-Date]
[RelayAgent] HTTP request: https://sqs.us-east-2.amazonaws.com headers=[Host, amz-sdk-invocation-id, amz-sdk-request, Authorization, Content-Type, User-Agent, X-Amz-Date]
[RelayAgent] HTTP request: https://sqs.us-east-2.amazonaws.com headers=[Host, amz-sdk-invocation-id, amz-sdk-request, Authorization, Content-Type, User-Agent, X-Amz-Date]
[RelayAgent] HTTP request: https://sqs.us-east-2.amazonaws.com headers=[Host, amz-sdk-invocation-id, amz-sdk-request, Authorization, Content-Type, User-Agent, X-Amz-Date]
[RelayAgent] HTTP request: https://sqs.us-east-2.amazonaws.com headers=[Host, amz-sdk-invocation-id, amz-sdk-request, Authorization, Content-Type, User-Agent, X-Amz-Date]
[RelayAgent] HTTP request: https://sqs.us-east-2.amazonaws.com headers=[Host, amz-sdk-invocation-id, amz-sdk-request, Authorization, Content-Type, User-Agent, X-Amz-Date]
[RelayAgent] HTTP request: https://sqs.us-east-2.amazonaws.com headers=[Host, amz-sdk-invocation-id, amz-sdk-request, Authorization, Content-Type, User-Agent, X-Amz-Date]
[RelayAgent] HTTP request: https://sqs.us-east-2.amazonaws.com headers=[Host, amz-sdk-invocation-id, amz-sdk-request, Authorization, Content-Type, User-Agent, X-Amz-Date]
[RelayAgent] HTTP request: https://sqs.us-east-2.amazonaws.com headers=[Host, amz-sdk-invocation-id, amz-sdk-request, Authorization, Content-Type, User-Agent, X-Amz-Date]
[RelayAgent] HTTP request: https://sqs.us-east-2.amazonaws.com headers=[Host, amz-sdk-invocation-id, amz-sdk-request, Authorization, Content-Type, User-Agent, X-Amz-Date]
[RelayAgent] HTTP request: https://sqs.us-east-2.amazonaws.com headers=[Host, amz-sdk-invocation-id, amz-sdk-request, Authorization, Content-Type, User-Agent, X-Amz-Date]
[RelayAgent] HTTP request: https://sqs.us-east-2.amazonaws.com headers=[Host, amz-sdk-invocation-id, amz-sdk-request, Authorization, Content-Type, User-Agent, X-Amz-Date]
[RelayAgent] HTTP request: https://sqs.us-east-2.amazonaws.com headers=[Host, amz-sdk-invocation-id, amz-sdk-request, Authorization, Content-Type, User-Agent, X-Amz-Date]
[RelayAgent] HTTP request: https://sqs.us-east-2.amazonaws.com headers=[Host, amz-sdk-invocation-id, amz-sdk-request, Authorization, Content-Type, User-Agent, X-Amz-Date]
[RelayAgent] HTTP request: https://sqs.us-east-2.amazonaws.com headers=[Host, amz-sdk-invocation-id, amz-sdk-request, Authorization, Content-Type, User-Agent, X-Amz-Date]
[RelayAgent] HTTP request: https://sqs.us-east-2.amazonaws.com headers=[Host, amz-sdk-invocation-id, amz-sdk-request, Authorization, Content-Type, User-Agent, X-Amz-Date]
[RelayAgent] HTTP request: https://sqs.us-east-2.amazonaws.com headers=[Host, amz-sdk-invocation-id, amz-sdk-request, Authorization, Content-Type, User-Agent, X-Amz-Date]
[RelayAgent] HTTP request: https://sqs.us-east-2.amazonaws.com headers=[Host, amz-sdk-invocation-id, amz-sdk-request, Authorization, Content-Type, User-Agent, X-Amz-Date]
[RelayAgent] HTTP request: https://sqs.us-east-2.amazonaws.com headers=[Host, amz-sdk-invocation-id, amz-sdk-request, Authorization, Content-Type, User-Agent, X-Amz-Date]
[RelayAgent] HTTP request: https://sqs.us-east-2.amazonaws.com headers=[Host, amz-sdk-invocation-id, amz-sdk-request, Authorization, Content-Type, User-Agent, X-Amz-Date]
[RelayAgent] HTTP request: https://sqs.us-east-2.amazonaws.com headers=[Host, amz-sdk-invocation-id, amz-sdk-request, Authorization, Content-Type, User-Agent, X-Amz-Date]
[RelayAgent] HTTP request: https://sqs.us-east-2.amazonaws.com headers=[Host, amz-sdk-invocation-id, amz-sdk-request, Authorization, Content-Type, User-Agent, X-Amz-Date]
[RelayAgent] HTTP request: https://sqs.us-east-2.amazonaws.com headers=[Host, amz-sdk-invocation-id, amz-sdk-request, Authorization, Content-Type, User-Agent, X-Amz-Date]
[RelayAgent] HTTP request: https://sqs.us-east-2.amazonaws.com headers=[Host, amz-sdk-invocation-id, amz-sdk-request, Authorization, Content-Type, User-Agent, X-Amz-Date]
[RelayAgent] HTTP request: https://sqs.us-east-2.amazonaws.com headers=[Host, amz-sdk-invocation-id, amz-sdk-request, Authorization, Content-Type, User-Agent, X-Amz-Date]
2026-01-27 21:58:53.148 java[78884:12653989] java.lang.SecurityException: Blocked System.exit(0)
	at com.blueprint.relay.Agent$1.checkExit(Agent.java:50)
	at java.lang.Runtime.exit(Runtime.java:101)
	at java.lang.System.exit(System.java:987)
	at com.apple.eawt._AppEventHandler.performQuit(_AppEventHandler.java:145)
	at com.apple.eawt.QuitResponse.performQuit(QuitResponse.java:51)
	at com.apple.eawt._AppEventHandler$_QuitDispatcher.performDefaultAction(_AppEventHandler.java:390)
	at com.apple.eawt._AppEventHandler$_AppEventDispatcher.dispatch(_AppEventHandler.java:512)
	at com.apple.eawt._AppEventHandler.handleNativeNotification(_AppEventHandler.java:202)
