Launching OMS client with relay agent...
  JAVA_HOME: /Users/chris/Documents/BlueprintProject/jdk8u462-b08/Contents/Home
  Agent:     /Users/chris/Documents/BlueprintProject/relay-agent/build/blueprint-relay-agent.jar
  Log file:  /Users/chris/BlueprintRelay.log
  Classpath: /Users/chris/Documents/BlueprintProject/client_classpath_jws.txt
  Service URL: https://us-cdn1.aws.bp-solutions.net/us_est6/FL/acc

[RELAY] Agent loaded
[RELAY] SafeContextWatcher started
[RELAY] Context watcher thread started
2026-01-27 18:28:54.920 INFO  [main] com.blueprint.oms.gui.OMSClient - loading spring configuration...
2026-01-27 18:28:55.150 INFO  [main] org.springframework.beans.factory.xml.XmlBeanDefinitionReader - Loading XML bean definitions from URL [file:/Users/chris/Documents/BlueprintProject/client_runtime/springClientContext.xml]
2026-01-27 18:28:55.829 INFO  [main] org.springframework.beans.factory.xml.XmlBeanDefinitionReader - Loading XML bean definitions from URL [file:/Users/chris/Documents/BlueprintProject/client_runtime/shared/springClientContext_base.xml]
[RELAY] Found context in OMSClient.az
[RELAY] Spring context found!
2026-01-27 18:28:56.094 INFO  [main] org.springframework.beans.factory.xml.XmlBeanDefinitionReader - Loading XML bean definitions from URL [file:/Users/chris/Documents/BlueprintProject/client_runtime/shared/noah.xml]
2026-01-27 18:28:56.193 INFO  [main] org.springframework.beans.factory.xml.XmlBeanDefinitionReader - Loading XML bean definitions from URL [file:/Users/chris/Documents/BlueprintProject/client_runtime/shared/forms_US.xml]
2026-01-27 18:28:56.281 INFO  [main] org.springframework.beans.factory.xml.XmlBeanDefinitionReader - Loading XML bean definitions from URL [file:/Users/chris/Documents/BlueprintProject/client_runtime/shared/forms_generic.xml]
2026-01-27 18:28:56.347 INFO  [main] org.springframework.beans.factory.xml.XmlBeanDefinitionReader - Loading XML bean definitions from URL [file:/Users/chris/Documents/BlueprintProject/client_runtime/shared/forms_US_hcfa.xml]
2026-01-27 18:28:56.551 INFO  [main] org.springframework.beans.factory.support.DefaultListableBeanFactory - Overriding bean definition for bean 'clientForms': replacing [Generic bean: class [java.util.LinkedList]; scope=prototype; abstract=false; lazyInit=false; autowireMode=0; dependencyCheck=0; autowireCandidate=true; primary=false; factoryBeanName=null; factoryMethodName=null; initMethodName=null; destroyMethodName=null; defined in URL [file:/Users/chris/Documents/BlueprintProject/client_runtime/shared/forms_generic.xml]] with [Generic bean: class [java.util.LinkedList]; scope=prototype; abstract=false; lazyInit=false; autowireMode=0; dependencyCheck=0; autowireCandidate=true; primary=false; factoryBeanName=null; factoryMethodName=null; initMethodName=null; destroyMethodName=null; defined in URL [file:/Users/chris/Documents/BlueprintProject/client_runtime/shared/forms_US_hcfa.xml]]
2026-01-27 18:28:56.566 INFO  [main] org.springframework.beans.factory.support.DefaultListableBeanFactory - Overriding bean definition for bean 'clientWriteOff': replacing [Generic bean: class [com.blueprint.oms.common.clientreporting.ReportTemplate]; scope=; abstract=false; lazyInit=false; autowireMode=0; dependencyCheck=0; autowireCandidate=true; primary=false; factoryBeanName=null; factoryMethodName=null; initMethodName=null; destroyMethodName=null; defined in URL [file:/Users/chris/Documents/BlueprintProject/client_runtime/shared/forms_generic.xml]] with [Generic bean: class [com.blueprint.oms.common.clientreporting.ReportTemplate]; scope=; abstract=false; lazyInit=false; autowireMode=0; dependencyCheck=0; autowireCandidate=true; primary=false; factoryBeanName=null; factoryMethodName=null; initMethodName=null; destroyMethodName=null; defined in URL [file:/Users/chris/Documents/BlueprintProject/client_runtime/shared/forms_US.xml]]
2026-01-27 18:28:56.566 INFO  [main] org.springframework.beans.factory.support.DefaultListableBeanFactory - Overriding bean definition for bean 'insurerWriteOff': replacing [Generic bean: class [com.blueprint.oms.common.clientreporting.ReportTemplate]; scope=; abstract=false; lazyInit=false; autowireMode=0; dependencyCheck=0; autowireCandidate=true; primary=false; factoryBeanName=null; factoryMethodName=null; initMethodName=null; destroyMethodName=null; defined in URL [file:/Users/chris/Documents/BlueprintProject/client_runtime/shared/forms_generic.xml]] with [Generic bean: class [com.blueprint.oms.common.clientreporting.ReportTemplate]; scope=; abstract=false; lazyInit=false; autowireMode=0; dependencyCheck=0; autowireCandidate=true; primary=false; factoryBeanName=null; factoryMethodName=null; initMethodName=null; destroyMethodName=null; defined in URL [file:/Users/chris/Documents/BlueprintProject/client_runtime/shared/forms_US.xml]]
2026-01-27 18:28:56.568 INFO  [main] org.springframework.beans.factory.support.DefaultListableBeanFactory - Overriding bean definition for bean 'repairOrder': replacing [Generic bean: class [com.blueprint.oms.common.clientreporting.ReportTemplate]; scope=singleton; abstract=false; lazyInit=false; autowireMode=0; dependencyCheck=0; autowireCandidate=true; primary=false; factoryBeanName=null; factoryMethodName=null; initMethodName=null; destroyMethodName=null; defined in URL [file:/Users/chris/Documents/BlueprintProject/client_runtime/shared/forms_generic.xml]] with [Generic bean: class [com.blueprint.oms.common.clientreporting.ReportTemplate]; scope=singleton; abstract=false; lazyInit=false; autowireMode=0; dependencyCheck=0; autowireCandidate=true; primary=false; factoryBeanName=null; factoryMethodName=null; initMethodName=null; destroyMethodName=null; defined in URL [file:/Users/chris/Documents/BlueprintProject/client_runtime/shared/forms_US.xml]]
2026-01-27 18:28:56.570 INFO  [main] org.springframework.beans.factory.support.DefaultListableBeanFactory - Overriding bean definition for bean 'clientForms': replacing [Generic bean: class [java.util.LinkedList]; scope=prototype; abstract=false; lazyInit=false; autowireMode=0; dependencyCheck=0; autowireCandidate=true; primary=false; factoryBeanName=null; factoryMethodName=null; initMethodName=null; destroyMethodName=null; defined in URL [file:/Users/chris/Documents/BlueprintProject/client_runtime/shared/forms_US_hcfa.xml]] with [Generic bean: class [java.util.LinkedList]; scope=prototype; abstract=false; lazyInit=false; autowireMode=0; dependencyCheck=0; autowireCandidate=true; primary=false; factoryBeanName=null; factoryMethodName=null; initMethodName=null; destroyMethodName=null; defined in URL [file:/Users/chris/Documents/BlueprintProject/client_runtime/shared/forms_US.xml]]
2026-01-27 18:28:56.573 INFO  [main] org.springframework.beans.factory.support.DefaultListableBeanFactory - Overriding bean definition for bean 'codeVersion': replacing [Generic bean: class [java.lang.String]; scope=; abstract=false; lazyInit=false; autowireMode=0; dependencyCheck=0; autowireCandidate=true; primary=false; factoryBeanName=null; factoryMethodName=null; initMethodName=null; destroyMethodName=null; defined in URL [file:/Users/chris/Documents/BlueprintProject/client_runtime/shared/springClientContext_base.xml]] with [Generic bean: class [java.lang.String]; scope=; abstract=false; lazyInit=false; autowireMode=0; dependencyCheck=0; autowireCandidate=true; primary=false; factoryBeanName=null; factoryMethodName=null; initMethodName=null; destroyMethodName=null; defined in URL [file:/Users/chris/Documents/BlueprintProject/client_runtime/springClientContext.xml]]
2026-01-27 18:28:56.573 INFO  [main] org.springframework.beans.factory.support.DefaultListableBeanFactory - Overriding bean definition for bean 'bplinkCodeVersion': replacing [Generic bean: class [java.lang.String]; scope=; abstract=false; lazyInit=false; autowireMode=0; dependencyCheck=0; autowireCandidate=true; primary=false; factoryBeanName=null; factoryMethodName=null; initMethodName=null; destroyMethodName=null; defined in URL [file:/Users/chris/Documents/BlueprintProject/client_runtime/shared/springClientContext_base.xml]] with [Generic bean: class [java.lang.String]; scope=; abstract=false; lazyInit=false; autowireMode=0; dependencyCheck=0; autowireCandidate=true; primary=false; factoryBeanName=null; factoryMethodName=null; initMethodName=null; destroyMethodName=null; defined in URL [file:/Users/chris/Documents/BlueprintProject/client_runtime/springClientContext.xml]]
2026-01-27 18:28:56.575 INFO  [main] org.springframework.context.support.GenericApplicationContext - Refreshing org.springframework.context.support.GenericApplicationContext@4ae3c1cd: startup date [Tue Jan 27 18:28:56 EST 2026]; root of context hierarchy
2026-01-27 18:28:56.864 INFO  [main] org.springframework.beans.factory.config.PropertiesFactoryBean - Loading properties file from URL [file:/Users/chris/Documents/BlueprintProject/client_runtime/shared/clientConfig_generic.properties]
2026-01-27 18:28:56.869 INFO  [main] org.springframework.beans.factory.config.PropertiesFactoryBean - Loading properties file from URL [file:/Users/chris/Documents/BlueprintProject/client_runtime/clientConfig_base.properties]
2026-01-27 18:28:56.869 INFO  [main] org.springframework.beans.factory.config.PropertiesFactoryBean - Loading properties file from URL [file:/Users/chris/Documents/BlueprintProject/client_runtime/clientConfig.properties]
2026-01-27 18:28:57.012 INFO  [main] org.springframework.beans.factory.support.DefaultListableBeanFactory - Pre-instantiating singletons in org.springframework.beans.factory.support.DefaultListableBeanFactory@446293d: defining beans [codeVersion,bplinkCodeVersion,properties,propertyConfigurer,codeBase,serverSpec,generalSettings,schedulingMainPanel,serverURL,omsController,guiController,addressFormatter,noahJMSTemplate,genericFormFieldGenerator,clientSummaryFieldGenerator,lossAndDamageClaimFormFieldGenerator,newAidOrderFormFieldGenerator,returnAidOrderFormFieldGenerator,audiologicalFieldGenerator,lossandDamageContextValidator,newAidOrderContextValidator,invalidContextValidator,lossAndDamageClaimForm,newAidOrderForm,repairOrder,hearingLossAssessment,physicianReportHearingLossAssessment,hearingAssessment_PDF,physicianReportHearingAssessment_PDF,clientMiscCreditMemo,clientWriteOff,insurerWriteOff,recallDetails,monthlyInventoryReport,clientForms,hcfaFieldGenerator,hcfa0212FieldGenerator,hcfa0212PdfFieldGenerator,hcfaContextValidator,HCFA1500,HCFA1500_02_12,HCFA1500_02_12_PDF,HCFA1500_02_12_PDF_NO_BACKGROUND,purchaseAgreementFieldGenerator,purchaseAgreementContextValidator,superbill,superbill_PDF,sprintCapTel]; root of factory hierarchy
2026-01-27 18:28:57.210 INFO  [main] com.blueprint.oms.controller.OMSControllerImpl - Initializing object to XML mapping
[RELAY] Context type: org.springframework.context.support.GenericApplicationContext
[RELAY] Getting omsController bean (attempt 1)...
2026-01-27 18:28:58.978 INFO  [main] com.blueprint.oms.controller.OMSControllerImpl - Finished initialization
[RELAY] omsController found: OMSControllerImpl
[RELAY] === Discovering methods on com.blueprint.oms.controller.OMSControllerImpl ===
[RELAY]   (no report-related methods found)
[RELAY] LocalReportServer started on http://127.0.0.1:7777
[RELAY] Success! Report server running on 127.0.0.1:7777
2026-01-27 18:29:00.576 INFO  [main] com.blueprint.oms.gui.OMSClient - Unable to locate bean: omsServiceDecorator
2026-01-27 18:29:01.959 WARN  [main] com.blueprint.oms.gui.OMSClient - JVM architecture does not match version of Morena.
2026-01-27 18:29:03.087 ERROR [main] com.blueprint.oms.gui.OMSClient - Code is out of date (LOCAL: 4.8.1.2, ONLINE: 9999.0.0), exiting now.
Warning: the fonts "Times" and "Lucida Bright" are not available for the Java logical font "Serif", which may have unexpected appearance or behavior. Re-enable the "Times" font to remove this warning.
