Launching OMS client with relay agent...
  JAVA_HOME: /Users/chris/Documents/BlueprintProject/jdk8u462-b08/Contents/Home
  Agent:     /Users/chris/Documents/BlueprintProject/relay-agent/build/blueprint-relay-agent.jar
  Log file:  /Users/chris/Documents/BlueprintProject/BlueprintRelay.log
  Classpath: /Users/chris/Documents/BlueprintProject/client_classpath.txt
  Service URL: https://us-cdn1.aws.bp-solutions.net/us_est6/FL/acc
  Extra VM opts: -Dsun.java2d.fontpath=/System/Library/Fonts:/System/Library/Fonts/Supplemental:/Library/Fonts

[RelayAgent] Blueprint relay agent starting (args: )
[RelayAgent] Installed package logger for com.blueprint.oms.a.a.*
[RelayAgent] Installed AWS provider logger for software.amazon.awssdk.auth.credentials.*
[RelayAgent] Installed HTTP request logger for Apache HttpClient
[RelayAgent] Installed SecurityManager exit guard
[RelayAgent] Detected OMSClient class load, kicking off context watcher
2026-01-27 21:39:45.573 INFO  [main] com.blueprint.oms.gui.OMSClient - loading spring configuration...
2026-01-27 21:39:45.877 INFO  [main] org.springframework.beans.factory.xml.XmlBeanDefinitionReader - Loading XML bean definitions from URL [file:/Users/chris/Documents/BlueprintProject/client_runtime/springClientContext.xml]
[RelayAgent] Spring context detected: org.springframework.context.support.GenericApplicationContext
[RelayAgent] Failed to register context listener: null
[RelayAgent] Waiting for Spring context refresh to complete
[RelayAgent] getBeanFactory succeeded, assuming context is active
[RelayAgent] Context exposes 0 beans, first 0: []
[RelayAgent] Failed to resolve omsController bean: No bean named 'omsController' is defined (org.springframework.beans.factory.NoSuchBeanDefinitionException)
[RelayAgent] Attempt 1 to resolve bean 'omsController'
[RelayAgent] Bean resolution attempt 1 failed: No bean named 'omsController' is defined (org.springframework.beans.factory.NoSuchBeanDefinitionException)
2026-01-27 21:39:46.569 INFO  [main] org.springframework.beans.factory.xml.XmlBeanDefinitionReader - Loading XML bean definitions from URL [file:/Users/chris/Documents/BlueprintProject/client_runtime/shared/springClientContext_base.xml]
[RelayAgent] Attempt 2 to resolve bean 'omsController'
[RelayAgent] Bean resolution attempt 2 failed: No bean named 'omsController' is defined (org.springframework.beans.factory.NoSuchBeanDefinitionException)
2026-01-27 21:39:47.050 INFO  [main] org.springframework.beans.factory.xml.XmlBeanDefinitionReader - Loading XML bean definitions from URL [file:/Users/chris/Documents/BlueprintProject/client_runtime/shared/noah.xml]
2026-01-27 21:39:47.149 INFO  [main] org.springframework.beans.factory.xml.XmlBeanDefinitionReader - Loading XML bean definitions from URL [file:/Users/chris/Documents/BlueprintProject/client_runtime/shared/forms_US.xml]
[RelayAgent] Attempt 3 to resolve bean 'omsController'
2026-01-27 21:39:47.263 INFO  [main] org.springframework.beans.factory.xml.XmlBeanDefinitionReader - Loading XML bean definitions from URL [file:/Users/chris/Documents/BlueprintProject/client_runtime/shared/forms_generic.xml]
[RelayAgent] Bean resolution attempt 3 failed: Error creating bean with name 'omsController' defined in URL [file:/Users/chris/Documents/BlueprintProject/client_runtime/shared/springClientContext_base.xml]: Cannot resolve reference to bean 'serverURL' while setting constructor argument; nested exception is org.springframework.beans.factory.BeanCreationException: Error creating bean with name 'serverURL' defined in URL [file:/Users/chris/Documents/BlueprintProject/client_runtime/shared/springClientContext_base.xml]: Instantiation of bean failed; nested exception is org.springframework.beans.BeanInstantiationException: Could not instantiate bean class [java.net.URL]: Constructor threw exception; nested exception is java.net.MalformedURLException: no protocol: ${SERVICE_URL:https://us-cdn1.aws.bp-solutions.net/us_est6/FL/acc} (org.springframework.beans.factory.BeanCreationException)
2026-01-27 21:39:47.431 INFO  [main] org.springframework.beans.factory.xml.XmlBeanDefinitionReader - Loading XML bean definitions from URL [file:/Users/chris/Documents/BlueprintProject/client_runtime/shared/forms_US_hcfa.xml]
2026-01-27 21:39:47.625 INFO  [main] org.springframework.beans.factory.support.DefaultListableBeanFactory - Overriding bean definition for bean 'clientForms': replacing [Generic bean: class [java.util.LinkedList]; scope=prototype; abstract=false; lazyInit=false; autowireMode=0; dependencyCheck=0; autowireCandidate=true; primary=false; factoryBeanName=null; factoryMethodName=null; initMethodName=null; destroyMethodName=null; defined in URL [file:/Users/chris/Documents/BlueprintProject/client_runtime/shared/forms_generic.xml]] with [Generic bean: class [java.util.LinkedList]; scope=prototype; abstract=false; lazyInit=false; autowireMode=0; dependencyCheck=0; autowireCandidate=true; primary=false; factoryBeanName=null; factoryMethodName=null; initMethodName=null; destroyMethodName=null; defined in URL [file:/Users/chris/Documents/BlueprintProject/client_runtime/shared/forms_US_hcfa.xml]]
2026-01-27 21:39:47.635 INFO  [main] org.springframework.beans.factory.support.DefaultListableBeanFactory - Overriding bean definition for bean 'clientWriteOff': replacing [Generic bean: class [com.blueprint.oms.common.clientreporting.ReportTemplate]; scope=; abstract=false; lazyInit=false; autowireMode=0; dependencyCheck=0; autowireCandidate=true; primary=false; factoryBeanName=null; factoryMethodName=null; initMethodName=null; destroyMethodName=null; defined in URL [file:/Users/chris/Documents/BlueprintProject/client_runtime/shared/forms_generic.xml]] with [Generic bean: class [com.blueprint.oms.common.clientreporting.ReportTemplate]; scope=; abstract=false; lazyInit=false; autowireMode=0; dependencyCheck=0; autowireCandidate=true; primary=false; factoryBeanName=null; factoryMethodName=null; initMethodName=null; destroyMethodName=null; defined in URL [file:/Users/chris/Documents/BlueprintProject/client_runtime/shared/forms_US.xml]]
2026-01-27 21:39:47.636 INFO  [main] org.springframework.beans.factory.support.DefaultListableBeanFactory - Overriding bean definition for bean 'insurerWriteOff': replacing [Generic bean: class [com.blueprint.oms.common.clientreporting.ReportTemplate]; scope=; abstract=false; lazyInit=false; autowireMode=0; dependencyCheck=0; autowireCandidate=true; primary=false; factoryBeanName=null; factoryMethodName=null; initMethodName=null; destroyMethodName=null; defined in URL [file:/Users/chris/Documents/BlueprintProject/client_runtime/shared/forms_generic.xml]] with [Generic bean: class [com.blueprint.oms.common.clientreporting.ReportTemplate]; scope=; abstract=false; lazyInit=false; autowireMode=0; dependencyCheck=0; autowireCandidate=true; primary=false; factoryBeanName=null; factoryMethodName=null; initMethodName=null; destroyMethodName=null; defined in URL [file:/Users/chris/Documents/BlueprintProject/client_runtime/shared/forms_US.xml]]
2026-01-27 21:39:47.638 INFO  [main] org.springframework.beans.factory.support.DefaultListableBeanFactory - Overriding bean definition for bean 'repairOrder': replacing [Generic bean: class [com.blueprint.oms.common.clientreporting.ReportTemplate]; scope=singleton; abstract=false; lazyInit=false; autowireMode=0; dependencyCheck=0; autowireCandidate=true; primary=false; factoryBeanName=null; factoryMethodName=null; initMethodName=null; destroyMethodName=null; defined in URL [file:/Users/chris/Documents/BlueprintProject/client_runtime/shared/forms_generic.xml]] with [Generic bean: class [com.blueprint.oms.common.clientreporting.ReportTemplate]; scope=singleton; abstract=false; lazyInit=false; autowireMode=0; dependencyCheck=0; autowireCandidate=true; primary=false; factoryBeanName=null; factoryMethodName=null; initMethodName=null; destroyMethodName=null; defined in URL [file:/Users/chris/Documents/BlueprintProject/client_runtime/shared/forms_US.xml]]
2026-01-27 21:39:47.638 INFO  [main] org.springframework.beans.factory.support.DefaultListableBeanFactory - Overriding bean definition for bean 'clientForms': replacing [Generic bean: class [java.util.LinkedList]; scope=prototype; abstract=false; lazyInit=false; autowireMode=0; dependencyCheck=0; autowireCandidate=true; primary=false; factoryBeanName=null; factoryMethodName=null; initMethodName=null; destroyMethodName=null; defined in URL [file:/Users/chris/Documents/BlueprintProject/client_runtime/shared/forms_US_hcfa.xml]] with [Generic bean: class [java.util.LinkedList]; scope=prototype; abstract=false; lazyInit=false; autowireMode=0; dependencyCheck=0; autowireCandidate=true; primary=false; factoryBeanName=null; factoryMethodName=null; initMethodName=null; destroyMethodName=null; defined in URL [file:/Users/chris/Documents/BlueprintProject/client_runtime/shared/forms_US.xml]]
2026-01-27 21:39:47.639 INFO  [main] org.springframework.beans.factory.support.DefaultListableBeanFactory - Overriding bean definition for bean 'codeVersion': replacing [Generic bean: class [java.lang.String]; scope=; abstract=false; lazyInit=false; autowireMode=0; dependencyCheck=0; autowireCandidate=true; primary=false; factoryBeanName=null; factoryMethodName=null; initMethodName=null; destroyMethodName=null; defined in URL [file:/Users/chris/Documents/BlueprintProject/client_runtime/shared/springClientContext_base.xml]] with [Generic bean: class [java.lang.String]; scope=; abstract=false; lazyInit=false; autowireMode=0; dependencyCheck=0; autowireCandidate=true; primary=false; factoryBeanName=null; factoryMethodName=null; initMethodName=null; destroyMethodName=null; defined in URL [file:/Users/chris/Documents/BlueprintProject/client_runtime/springClientContext.xml]]
2026-01-27 21:39:47.640 INFO  [main] org.springframework.beans.factory.support.DefaultListableBeanFactory - Overriding bean definition for bean 'bplinkCodeVersion': replacing [Generic bean: class [java.lang.String]; scope=; abstract=false; lazyInit=false; autowireMode=0; dependencyCheck=0; autowireCandidate=true; primary=false; factoryBeanName=null; factoryMethodName=null; initMethodName=null; destroyMethodName=null; defined in URL [file:/Users/chris/Documents/BlueprintProject/client_runtime/shared/springClientContext_base.xml]] with [Generic bean: class [java.lang.String]; scope=; abstract=false; lazyInit=false; autowireMode=0; dependencyCheck=0; autowireCandidate=true; primary=false; factoryBeanName=null; factoryMethodName=null; initMethodName=null; destroyMethodName=null; defined in URL [file:/Users/chris/Documents/BlueprintProject/client_runtime/springClientContext.xml]]
2026-01-27 21:39:47.648 INFO  [main] org.springframework.context.support.GenericApplicationContext - Refreshing org.springframework.context.support.GenericApplicationContext@6b8ca3c8: startup date [Tue Jan 27 21:39:47 EST 2026]; root of context hierarchy
[RelayAgent] Attempt 4 to resolve bean 'omsController'
2026-01-27 21:39:48.039 INFO  [main] org.springframework.beans.factory.config.PropertiesFactoryBean - Loading properties file from URL [file:/Users/chris/Documents/BlueprintProject/client_runtime/shared/clientConfig_generic.properties]
2026-01-27 21:39:48.048 INFO  [main] org.springframework.beans.factory.config.PropertiesFactoryBean - Loading properties file from URL [file:/Users/chris/Documents/BlueprintProject/client_runtime/clientConfig_base.properties]
2026-01-27 21:39:48.049 INFO  [main] org.springframework.beans.factory.config.PropertiesFactoryBean - Loading properties file from URL [file:/Users/chris/Documents/BlueprintProject/client_runtime/clientConfig.properties]
[RelayAgent] Bean resolution attempt 4 failed: Error creating bean with name 'omsController' defined in URL [file:/Users/chris/Documents/BlueprintProject/client_runtime/shared/springClientContext_base.xml]: Cannot resolve reference to bean 'serverURL' while setting constructor argument; nested exception is org.springframework.beans.factory.BeanCreationException: Error creating bean with name 'serverURL' defined in URL [file:/Users/chris/Documents/BlueprintProject/client_runtime/shared/springClientContext_base.xml]: Instantiation of bean failed; nested exception is org.springframework.beans.BeanInstantiationException: Could not instantiate bean class [java.net.URL]: Constructor threw exception; nested exception is java.net.MalformedURLException: no protocol: ${SERVICE_URL:https://us-cdn1.aws.bp-solutions.net/us_est6/FL/acc} (org.springframework.beans.factory.BeanCreationException)
2026-01-27 21:39:48.335 INFO  [main] org.springframework.beans.factory.support.DefaultListableBeanFactory - Pre-instantiating singletons in org.springframework.beans.factory.support.DefaultListableBeanFactory@57576994: defining beans [codeVersion,bplinkCodeVersion,properties,propertyConfigurer,codeBase,serverSpec,generalSettings,schedulingMainPanel,serverURL,omsController,guiController,addressFormatter,noahJMSTemplate,genericFormFieldGenerator,clientSummaryFieldGenerator,lossAndDamageClaimFormFieldGenerator,newAidOrderFormFieldGenerator,returnAidOrderFormFieldGenerator,audiologicalFieldGenerator,lossandDamageContextValidator,newAidOrderContextValidator,invalidContextValidator,lossAndDamageClaimForm,newAidOrderForm,repairOrder,hearingLossAssessment,physicianReportHearingLossAssessment,hearingAssessment_PDF,physicianReportHearingAssessment_PDF,clientMiscCreditMemo,clientWriteOff,insurerWriteOff,recallDetails,monthlyInventoryReport,clientForms,hcfaFieldGenerator,hcfa0212FieldGenerator,hcfa0212PdfFieldGenerator,hcfaContextValidator,HCFA1500,HCFA1500_02_12,HCFA1500_02_12_PDF,HCFA1500_02_12_PDF_NO_BACKGROUND,purchaseAgreementFieldGenerator,purchaseAgreementContextValidator,superbill,superbill_PDF,sprintCapTel]; root of factory hierarchy
[RelayAgent] Attempt 5 to resolve bean 'omsController'
2026-01-27 21:39:48.736 INFO  [main] com.blueprint.oms.controller.OMSControllerImpl - Initializing object to XML mapping
2026-01-27 21:39:50.613 INFO  [main] com.blueprint.oms.controller.OMSControllerImpl - Finished initialization
[RelayAgent] Resolved bean 'omsController' on attempt 5 (com.blueprint.oms.controller.OMSControllerImpl)
[RelayAgent] Creating proxy for omsController using interfaces: [interface com.blueprint.oms.controller.OMSControllerInterface]
2026-01-27 21:39:52.180 INFO  [main] com.blueprint.oms.gui.OMSClient - Unable to locate bean: omsServiceDecorator
2026-01-27 21:39:53.882 WARN  [main] com.blueprint.oms.gui.OMSClient - JVM architecture does not match version of Morena.
[RelayAgent] Installed package logger on com.blueprint.oms.a.a.c
[RelayAgent] Registered omsController proxy in bean factory
2026-01-27 21:39:56.235 INFO  [BlueprintRelay-ContextWatcher] com.blueprint.scheduling.client.ui.main.SchedulingMainPanel - Initializing scheduler...
2026-01-27 21:39:57.930 INFO  [BlueprintRelay-ContextWatcher] com.blueprint.oms.gui.OMSClient - Unable to locate bean: omsServiceDecorator
2026-01-27 21:39:58.398 WARN  [BlueprintRelay-ContextWatcher] com.blueprint.oms.gui.OMSClient - JVM architecture does not match version of Morena.
[RelayAgent] Injected proxy into bean 'guiController' (com.blueprint.oms.gui.us.GUIController_US)
[RelayAgent] Skipping bean 'noahJMSTemplate': Error creating bean with name 'noahJMSTemplate' defined in URL [file:/Users/chris/Documents/BlueprintProject/client_runtime/shared/noah.xml]: Invocation of init method failed; nested exception is java.lang.IllegalArgumentException: Property 'connectionFactory' is required (org.springframework.beans.factory.BeanCreationException)
[RelayAgent] Creating proxy for OMSService using interfaces: [interface com.blueprint.oms.service.us.OMSService_US, interface org.springframework.aop.SpringProxy, interface org.springframework.aop.framework.Advised]
[RelayAgent] Wrapped OMSService field 'ab' on com.blueprint.oms.gui.us.GUIController_US
[RelayAgent] Creating proxy for OMSService using interfaces: [interface com.blueprint.oms.service.us.OMSService_US, interface org.springframework.aop.SpringProxy, interface org.springframework.aop.framework.Advised]
[RelayAgent] Wrapped OMSService field 'ac' on com.blueprint.oms.gui.us.GUIController_US
[RelayAgent] Creating proxy for OMSService using interfaces: [interface com.blueprint.oms.service.us.OMSService_US, interface org.springframework.aop.SpringProxy, interface org.springframework.aop.framework.Advised]
[RelayAgent] Wrapped OMSService field 'x' on com.blueprint.oms.gui.us.GUIController_US
[RelayAgent] Creating proxy for OMSService using interfaces: [interface com.blueprint.oms.service.us.OMSService_US, interface org.springframework.aop.SpringProxy, interface org.springframework.aop.framework.Advised]
[RelayAgent] Wrapped OMSService field 'y' on com.blueprint.oms.gui.us.GUIController_US
[RelayAgent] Creating proxy for OMSService using interfaces: [interface com.blueprint.oms.service.us.OMSService_US, interface org.springframework.aop.SpringProxy, interface org.springframework.aop.framework.Advised]
[RelayAgent] Wrapped OMSService field 'z' on com.blueprint.oms.gui.us.GUIController_US
2026-01-27 21:40:04.948 INFO  [BlueprintRelay-ContextWatcher] com.blueprint.scheduling.client.ui.main.SchedulingMainPanel - Initializing scheduler...
[RelayAgent] Skipping bean 'noahJMSTemplate' during JMS install: Error creating bean with name 'noahJMSTemplate' defined in URL [file:/Users/chris/Documents/BlueprintProject/client_runtime/shared/noah.xml]: Invocation of init method failed; nested exception is java.lang.IllegalArgumentException: Property 'connectionFactory' is required (org.springframework.beans.factory.BeanCreationException)
2026-01-27 21:40:05.186 INFO  [BlueprintRelay-ContextWatcher] com.blueprint.scheduling.client.ui.main.SchedulingMainPanel - Initializing scheduler...
[RelayAgent] Skipping bean 'noahJMSTemplate' during JMS field scan: Error creating bean with name 'noahJMSTemplate' defined in URL [file:/Users/chris/Documents/BlueprintProject/client_runtime/shared/noah.xml]: Invocation of init method failed; nested exception is java.lang.IllegalArgumentException: Property 'connectionFactory' is required (org.springframework.beans.factory.BeanCreationException)
Exception in thread "AWT-EventQueue-0" java.lang.NullPointerException
	at com.jidesoft.plaf.basic.BasicJideTabbedPaneUI$ScrollableTabSupport.stateChanged(BasicJideTabbedPaneUI.java:7924)
	at javax.swing.JViewport.fireStateChanged(JViewport.java:1369)
	at javax.swing.JViewport.setViewSize(JViewport.java:1021)
	at com.jidesoft.plaf.basic.BasicJideTabbedPaneUI$ComponentHandler.componentResized(BasicJideTabbedPaneUI.java:8725)
	at java.awt.Component.processComponentEvent(Component.java:6365)
	at java.awt.Component.processEvent(Component.java:6319)
	at java.awt.Container.processEvent(Container.java:2239)
	at java.awt.Component.dispatchEventImpl(Component.java:4889)
	at java.awt.Container.dispatchEventImpl(Container.java:2297)
	at java.awt.Component.dispatchEvent(Component.java:4711)
	at java.awt.EventQueue.dispatchEventImpl(EventQueue.java:760)
	at java.awt.EventQueue.access$500(EventQueue.java:97)
	at java.awt.EventQueue$3.run(EventQueue.java:709)
	at java.awt.EventQueue$3.run(EventQueue.java:703)
	at java.security.AccessController.doPrivileged(Native Method)
	at java.security.ProtectionDomain$JavaSecurityAccessImpl.doIntersectionPrivilege(ProtectionDomain.java:74)
	at java.security.ProtectionDomain$JavaSecurityAccessImpl.doIntersectionPrivilege(ProtectionDomain.java:84)
	at java.awt.EventQueue$4.run(EventQueue.java:733)
	at java.awt.EventQueue$4.run(EventQueue.java:731)
	at java.security.AccessController.doPrivileged(Native Method)
	at java.security.ProtectionDomain$JavaSecurityAccessImpl.doIntersectionPrivilege(ProtectionDomain.java:74)
	at java.awt.EventQueue.dispatchEvent(EventQueue.java:730)
	at java.awt.EventDispatchThread.pumpOneEventForFilters(EventDispatchThread.java:205)
	at java.awt.EventDispatchThread.pumpEventsForFilter(EventDispatchThread.java:116)
	at java.awt.EventDispatchThread.pumpEventsForHierarchy(EventDispatchThread.java:105)
	at java.awt.EventDispatchThread.pumpEvents(EventDispatchThread.java:101)
	at java.awt.EventDispatchThread.pumpEvents(EventDispatchThread.java:93)
	at java.awt.EventDispatchThread.run(EventDispatchThread.java:82)
2026-01-27 21:40:07.476 INFO  [main] com.blueprint.oms.gui.OMSClient - Unable to locate bean: counselEarUserMap
2026-01-27 21:40:07.509 INFO  [Thread-5] org.apache.commons.a.A - I/O exception (java.net.ConnectException) caught when processing request: Connection refused (Connection refused)
2026-01-27 21:40:07.510 INFO  [Thread-5] org.apache.commons.a.A - Retrying request
2026-01-27 21:40:07.511 INFO  [Thread-5] org.apache.commons.a.A - I/O exception (java.net.ConnectException) caught when processing request: Connection refused (Connection refused)
2026-01-27 21:40:07.511 INFO  [Thread-5] org.apache.commons.a.A - Retrying request
2026-01-27 21:40:07.511 INFO  [Thread-5] org.apache.commons.a.A - I/O exception (java.net.ConnectException) caught when processing request: Connection refused (Connection refused)
2026-01-27 21:40:07.511 INFO  [Thread-5] org.apache.commons.a.A - Retrying request
2026-01-27 21:40:07.512 INFO  [Thread-5] com.blueprint.oms.gui.common.GUIUtil - Noah REST service not found on local computer
2026-01-27 21:40:18.327 INFO  [AWT-EventQueue-0] com.blueprint.oms.gui.logging.UserMetadataLogging - Logging user metadata
2026-01-27 21:40:18.334 INFO  [AWT-EventQueue-0] com.blueprint.oms.gui.us.GUIController_US - Sending login request for cpape to https://us-cdn1.aws.bp-solutions.net/us_est6/FL/acc
2026-01-27 21:40:18.371 INFO  [Thread-6] com.blueprint.oms.controller.OMSControllerImpl - sending login request to server
[RelayAgent] Installed AWS provider logger on software.amazon.awssdk.auth.credentials.AwsCredentials
[RelayAgent] Installed AWS provider logger on software.amazon.awssdk.auth.credentials.AwsCredentialsProvider
2026-01-27 21:40:26.875 INFO  [Thread-6] com.blueprint.oms.gui.OMSClient - Clinic timezone: Eastern Daylight Time (US/Eastern)
2026-01-27 21:40:26.878 INFO  [Thread-6] com.blueprint.oms.gui.OMSClient - No Crystal Reports, removing menu item: Reports (old)
2026-01-27 21:40:26.886 INFO  [Thread-6] com.blueprint.oms.gui.OMSClient - Unable to locate bean: healthCardFormatMapping
2026-01-27 21:40:26.891 INFO  [AWT-EventQueue-0] com.blueprint.oms.gui.us.GUIController_US - Login successful
2026-01-27 21:40:27.653 INFO  [AWT-EventQueue-0] com.blueprint.oms.gui.us.GUIController_US - Retrieving sms toolbar notifications
2026-01-27 21:40:27.657 INFO  [AWT-EventQueue-0] com.blueprint.oms.gui.us.GUIController_US - Requesting client list
[RelayAgent] Installed AWS provider logger on software.amazon.awssdk.auth.credentials.AwsBasicCredentials
[RelayAgent] Installed AWS provider logger on software.amazon.awssdk.auth.credentials.StaticCredentialsProvider
[RelayAgent] Installed HTTP request logger on org.apache.http.impl.client.HttpClients
[RelayAgent] HTTP request logger error for org.apache.http.impl.client.CloseableHttpClient: java.lang.IllegalStateException: public org.apache.http.client.methods.CloseableHttpResponse org.apache.http.impl.client.CloseableHttpClient.execute(org.apache.http.client.methods.HttpUriRequest) throws java.io.IOException,org.apache.http.client.ClientProtocolException does not define an index 1
[RelayAgent] Installed HTTP request logger on org.apache.http.impl.client.MinimalHttpClient
[RelayAgent] Installed HTTP request logger on org.apache.http.impl.client.HttpClientBuilder
[RelayAgent] Installed HTTP request logger on org.apache.http.impl.client.InternalHttpClient
[RelayAgent] Installed HTTP request logger on org.apache.http.impl.client.DefaultClientConnectionReuseStrategy
[RelayAgent] Installed HTTP request logger on org.apache.http.impl.client.TargetAuthenticationStrategy
[RelayAgent] Installed HTTP request logger on org.apache.http.impl.client.AuthenticationStrategyImpl
[RelayAgent] Installed HTTP request logger on org.apache.http.impl.client.ProxyAuthenticationStrategy
[RelayAgent] Installed HTTP request logger on org.apache.http.impl.client.DefaultUserTokenHandler
[RelayAgent] Installed HTTP request logger on org.apache.http.impl.client.CookieSpecRegistries
[RelayAgent] Installed HTTP request logger on org.apache.http.impl.client.BasicCookieStore
[RelayAgent] Installed HTTP request logger on org.apache.http.impl.client.BasicCredentialsProvider
[RelayAgent] Installed HTTP request logger on org.apache.http.impl.client.HttpClientBuilder$2
[RelayAgent] Installed AWS provider logger on software.amazon.awssdk.auth.credentials.CredentialUtils
[RelayAgent] Installed AWS provider logger on software.amazon.awssdk.auth.credentials.AwsSessionCredentials
[RelayAgent] Installed HTTP request logger on org.apache.http.impl.client.DefaultConnectionKeepAliveStrategy
2026-01-27 21:40:32.470 INFO  [AWT-EventQueue-0] com.blueprint.oms.gui.us.GUIController_US - Subscribing user queue FL_accQueue_UserNotification_50_maclan to topic FL_accTopic_UserNotification_50
2026-01-27 21:40:33.020 INFO  [AWT-EventQueue-0] com.blueprint.oms.gui.us.GUIController_US - Subscribing user queue FL_accQueue_UserNotification_50_maclan to clinic topic FL_accTopic
2026-01-27 21:40:33.263 INFO  [AWT-EventQueue-0] com.blueprint.oms.gui.us.GUIController_US - Starting notification message listener...
[RelayAgent] Installed package logger on com.blueprint.oms.a.a.a
[RelayAgent] Installed package logger on com.blueprint.oms.a.a.b
2026-01-27 21:40:33.518 INFO  [AWT-EventQueue-0] com.blueprint.oms.a.a.a - Notification system listening for messages...
2026-01-27 21:40:33.520 INFO  [AWT-EventQueue-0] com.blueprint.oms.a.a.c - Starting listener on queue: FL_accQueue_UserNotification_50_maclan
[RelayAgent] Installed package logger on com.blueprint.oms.a.a.d
2026-01-27 21:40:33.630 INFO  [AWT-EventQueue-0] com.blueprint.scheduling.client.ui.main.SchedulingMainPanel - Initializing scheduler...
2026-01-27 21:40:33.795 INFO  [AWT-EventQueue-0] com.blueprint.scheduling.client.ui.main.SchedulingMainPanel - Timezone is Eastern Daylight Time
2026-01-27 21:40:33.802 INFO  [AWT-EventQueue-0] com.blueprint.scheduling.client.ui.main.SchedulingMainPanel - Scheduling for 1 locations, 53 event types
2026-01-27 21:40:33.960 INFO  [Thread-9] com.blueprint.oms.a.a.a - Received message with payload type: loggedOnElsewhere
2026-01-27 21:40:35.139 INFO  [AWT-EventQueue-0] com.blueprint.scheduling.client.controller.BlueprintSchedulingController - Retrieving events for period Jan 27, 2026 12:00:00 AM to Jan 27, 2026 11:59:59 PM
2026-01-27 21:40:35.170 INFO  [AWT-EventQueue-0] com.blueprint.scheduling.client.controller.BlueprintSchedulingController - Retrieving waiting room events on Jan 27, 2026 9:40:35 PM for location 1
2026-01-27 21:40:35.337 INFO  [AWT-EventQueue-0] com.blueprint.oms.gui.OMSClient - Unable to locate bean: counselEarUserMap
2026-01-27 21:40:35.427 WARN  [AWT-EventQueue-0] com.blueprint.oms.gui.OMSClient - Unable to locate bean: customForms
2026-01-27 21:40:35.443 INFO  [AWT-EventQueue-0] com.blueprint.oms.gui.us.GUIController_US - Sending request for user report access, client form reports only.
2026-01-27 21:40:35.515 INFO  [AWT-EventQueue-0] com.blueprint.oms.chatcontroller.BlueprintChatController - Retrieving conversations for user 50
2026-01-27 21:40:35.603 INFO  [AWT-EventQueue-0] com.blueprint.oms.gui.us.GUIController_US - Retrieving clinic-specific dictionary...
2026-01-27 21:40:35.689 INFO  [AWT-EventQueue-0] com.blueprint.oms.gui.us.GUIController_US - Retrieving sms toolbar notifications
2026-01-27 21:40:36.192 INFO  [AWT-EventQueue-0] com.blueprint.oms.gui.us.GUIController_US - Starting chat message listener...
2026-01-27 21:40:36.295 INFO  [AWT-EventQueue-0] com.blueprint.oms.a.a.a - Notification system listening for messages...
2026-01-27 21:40:36.298 INFO  [AWT-EventQueue-0] com.blueprint.oms.a.a.c - Starting listener on queue: FL_accQueue_UserChat_50.fifo
2026-01-27 21:40:36.308 INFO  [AWT-EventQueue-0] com.blueprint.oms.gui.logging.BplinkDetectionLogging - Logging BPLink data
2026-01-27 21:40:38.087 INFO  [Thread-9] com.blueprint.oms.a.a.a - Received message with payload type: reportUserClientForm
2026-01-27 21:40:44.998 INFO  [AWT-EventQueue-0] com.blueprint.oms.gui.us.GUIController_US - Sending request for user report access, all reports.
2026-01-27 21:40:49.945 INFO  [Thread-9] com.blueprint.oms.a.a.a - Received message with payload type: reportUser
Exception in thread "AWT-EventQueue-0" java.lang.NullPointerException
	at com.jidesoft.plaf.basic.BasicJideTabbedPaneUI.updateCloseButtons(BasicJideTabbedPaneUI.java:4424)
	at com.jidesoft.plaf.basic.BasicJideTabbedPaneUI.access$1900(BasicJideTabbedPaneUI.java:39)
	at com.jidesoft.plaf.basic.BasicJideTabbedPaneUI$TabbedPaneScrollLayout.layoutContainer(BasicJideTabbedPaneUI.java:7116)
	at java.awt.Container.layout(Container.java:1513)
	at java.awt.Container.doLayout(Container.java:1502)
	at java.awt.Container.validateTree(Container.java:1698)
	at java.awt.Container.validateTree(Container.java:1707)
	at java.awt.Container.validateTree(Container.java:1707)
	at java.awt.Container.validateTree(Container.java:1707)
	at java.awt.Container.validateTree(Container.java:1707)
	at java.awt.Container.validateTree(Container.java:1707)
	at java.awt.Container.validate(Container.java:1633)
	at javax.swing.RepaintManager$3.run(RepaintManager.java:711)
	at javax.swing.RepaintManager$3.run(RepaintManager.java:709)
	at java.security.AccessController.doPrivileged(Native Method)
	at java.security.ProtectionDomain$JavaSecurityAccessImpl.doIntersectionPrivilege(ProtectionDomain.java:74)
	at javax.swing.RepaintManager.validateInvalidComponents(RepaintManager.java:708)
	at javax.swing.RepaintManager$ProcessingRunnable.run(RepaintManager.java:1731)
	at java.awt.event.InvocationEvent.dispatch(InvocationEvent.java:311)
	at java.awt.EventQueue.dispatchEventImpl(EventQueue.java:758)
	at java.awt.EventQueue.access$500(EventQueue.java:97)
	at java.awt.EventQueue$3.run(EventQueue.java:709)
	at java.awt.EventQueue$3.run(EventQueue.java:703)
	at java.security.AccessController.doPrivileged(Native Method)
	at java.security.ProtectionDomain$JavaSecurityAccessImpl.doIntersectionPrivilege(ProtectionDomain.java:74)
	at java.awt.EventQueue.dispatchEvent(EventQueue.java:728)
	at java.awt.EventDispatchThread.pumpOneEventForFilters(EventDispatchThread.java:205)
	at java.awt.EventDispatchThread.pumpEventsForFilter(EventDispatchThread.java:116)
	at java.awt.EventDispatchThread.pumpEventsForHierarchy(EventDispatchThread.java:105)
	at java.awt.EventDispatchThread.pumpEvents(EventDispatchThread.java:101)
	at java.awt.EventDispatchThread.pumpEvents(EventDispatchThread.java:93)
	at java.awt.EventDispatchThread.run(EventDispatchThread.java:82)
Exception in thread "AWT-EventQueue-0" java.lang.NullPointerException
	at sun.font.FontDesignMetrics$MetricsKey.init(FontDesignMetrics.java:217)
	at sun.font.FontDesignMetrics.getMetrics(FontDesignMetrics.java:286)
	at sun.swing.SwingUtilities2.getFontMetrics(SwingUtilities2.java:1125)
	at javax.swing.JComponent.getFontMetrics(JComponent.java:1626)
	at com.jidesoft.plaf.basic.BasicJideTabbedPaneUI.getFontMetrics(BasicJideTabbedPaneUI.java:5066)
	at com.jidesoft.plaf.basic.BasicJideTabbedPaneUI.calculateMaxTabHeight(BasicJideTabbedPaneUI.java:4916)
	at com.jidesoft.plaf.basic.BasicJideTabbedPaneUI$TabbedPaneScrollLayout.calculateTabRects(BasicJideTabbedPaneUI.java:7152)
	at com.jidesoft.plaf.basic.BasicJideTabbedPaneUI$TabbedPaneLayout.calculateLayoutInfo(BasicJideTabbedPaneUI.java:6066)
	at com.jidesoft.plaf.basic.BasicJideTabbedPaneUI.ensureCurrentLayout(BasicJideTabbedPaneUI.java:4417)
	at com.jidesoft.plaf.basic.BasicJideTabbedPaneUI.paint(BasicJideTabbedPaneUI.java:919)
	at javax.swing.plaf.ComponentUI.update(ComponentUI.java:161)
	at javax.swing.JComponent.paintComponent(JComponent.java:780)
	at javax.swing.JComponent.paint(JComponent.java:1056)
	at javax.swing.JComponent.paintChildren(JComponent.java:889)
	at javax.swing.JComponent.paint(JComponent.java:1065)
	at org.jdesktop.swingx.JXPanel.paint(JXPanel.java:580)
	at javax.swing.JComponent.paintToOffscreen(JComponent.java:5210)
	at javax.swing.RepaintManager$PaintManager.paintDoubleBuffered(RepaintManager.java:1579)
	at javax.swing.RepaintManager$PaintManager.paint(RepaintManager.java:1502)
	at javax.swing.RepaintManager.paint(RepaintManager.java:1272)
	at javax.swing.JComponent._paintImmediately(JComponent.java:5158)
	at javax.swing.JComponent.paintImmediately(JComponent.java:4969)
	at javax.swing.RepaintManager$4.run(RepaintManager.java:831)
	at javax.swing.RepaintManager$4.run(RepaintManager.java:814)
	at java.security.AccessController.doPrivileged(Native Method)
	at java.security.ProtectionDomain$JavaSecurityAccessImpl.doIntersectionPrivilege(ProtectionDomain.java:74)
	at javax.swing.RepaintManager.paintDirtyRegions(RepaintManager.java:814)
	at javax.swing.RepaintManager.paintDirtyRegions(RepaintManager.java:789)
	at javax.swing.RepaintManager.prePaintDirtyRegions(RepaintManager.java:738)
	at javax.swing.RepaintManager.access$1200(RepaintManager.java:64)
	at javax.swing.RepaintManager$ProcessingRunnable.run(RepaintManager.java:1732)
	at java.awt.event.InvocationEvent.dispatch(InvocationEvent.java:311)
	at java.awt.EventQueue.dispatchEventImpl(EventQueue.java:758)
	at java.awt.EventQueue.access$500(EventQueue.java:97)
	at java.awt.EventQueue$3.run(EventQueue.java:709)
	at java.awt.EventQueue$3.run(EventQueue.java:703)
	at java.security.AccessController.doPrivileged(Native Method)
	at java.security.ProtectionDomain$JavaSecurityAccessImpl.doIntersectionPrivilege(ProtectionDomain.java:74)
	at java.awt.EventQueue.dispatchEvent(EventQueue.java:728)
	at java.awt.EventDispatchThread.pumpOneEventForFilters(EventDispatchThread.java:205)
	at java.awt.EventDispatchThread.pumpEventsForFilter(EventDispatchThread.java:116)
	at java.awt.EventDispatchThread.pumpEventsForHierarchy(EventDispatchThread.java:105)
	at java.awt.EventDispatchThread.pumpEvents(EventDispatchThread.java:101)
	at java.awt.EventDispatchThread.pumpEvents(EventDispatchThread.java:93)
	at java.awt.EventDispatchThread.run(EventDispatchThread.java:82)
Exception in thread "AWT-EventQueue-0" java.lang.NullPointerException
	at com.jidesoft.plaf.basic.BasicJideTabbedPaneUI$ScrollableTabPanel.getPreferredSize(BasicJideTabbedPaneUI.java:8003)
	at javax.swing.ViewportLayout.layoutContainer(ViewportLayout.java:141)
	at java.awt.Container.layout(Container.java:1513)
	at java.awt.Container.doLayout(Container.java:1502)
	at java.awt.Container.validateTree(Container.java:1698)
	at java.awt.Container.validateTree(Container.java:1707)
	at java.awt.Container.validateTree(Container.java:1707)
	at java.awt.Container.validateTree(Container.java:1707)
	at java.awt.Container.validateTree(Container.java:1707)
	at java.awt.Container.validateTree(Container.java:1707)
	at java.awt.Container.validateTree(Container.java:1707)
	at java.awt.Container.validate(Container.java:1633)
	at javax.swing.RepaintManager$3.run(RepaintManager.java:711)
	at javax.swing.RepaintManager$3.run(RepaintManager.java:709)
	at java.security.AccessController.doPrivileged(Native Method)
	at java.security.ProtectionDomain$JavaSecurityAccessImpl.doIntersectionPrivilege(ProtectionDomain.java:74)
	at javax.swing.RepaintManager.validateInvalidComponents(RepaintManager.java:708)
	at javax.swing.RepaintManager$ProcessingRunnable.run(RepaintManager.java:1731)
	at java.awt.event.InvocationEvent.dispatch(InvocationEvent.java:311)
	at java.awt.EventQueue.dispatchEventImpl(EventQueue.java:758)
	at java.awt.EventQueue.access$500(EventQueue.java:97)
	at java.awt.EventQueue$3.run(EventQueue.java:709)
	at java.awt.EventQueue$3.run(EventQueue.java:703)
	at java.security.AccessController.doPrivileged(Native Method)
	at java.security.ProtectionDomain$JavaSecurityAccessImpl.doIntersectionPrivilege(ProtectionDomain.java:74)
	at java.awt.EventQueue.dispatchEvent(EventQueue.java:728)
	at java.awt.EventDispatchThread.pumpOneEventForFilters(EventDispatchThread.java:205)
	at java.awt.EventDispatchThread.pumpEventsForFilter(EventDispatchThread.java:116)
	at java.awt.EventDispatchThread.pumpEventsForHierarchy(EventDispatchThread.java:105)
	at java.awt.EventDispatchThread.pumpEvents(EventDispatchThread.java:101)
	at java.awt.EventDispatchThread.pumpEvents(EventDispatchThread.java:93)
	at java.awt.EventDispatchThread.run(EventDispatchThread.java:82)
Exception in thread "AWT-EventQueue-0" java.lang.NullPointerException
	at com.jidesoft.plaf.basic.BasicJideTabbedPaneUI$ScrollableTabPanel.getPreferredSize(BasicJideTabbedPaneUI.java:8003)
	at javax.swing.ViewportLayout.layoutContainer(ViewportLayout.java:141)
	at java.awt.Container.layout(Container.java:1513)
	at java.awt.Container.doLayout(Container.java:1502)
	at java.awt.Container.validateTree(Container.java:1698)
	at java.awt.Container.validateTree(Container.java:1707)
	at java.awt.Container.validateTree(Container.java:1707)
	at java.awt.Container.validateTree(Container.java:1707)
	at java.awt.Container.validateTree(Container.java:1707)
	at java.awt.Container.validateTree(Container.java:1707)
	at java.awt.Container.validateTree(Container.java:1707)
	at java.awt.Container.validate(Container.java:1633)
	at javax.swing.RepaintManager$3.run(RepaintManager.java:711)
	at javax.swing.RepaintManager$3.run(RepaintManager.java:709)
	at java.security.AccessController.doPrivileged(Native Method)
	at java.security.ProtectionDomain$JavaSecurityAccessImpl.doIntersectionPrivilege(ProtectionDomain.java:74)
	at javax.swing.RepaintManager.validateInvalidComponents(RepaintManager.java:708)
	at javax.swing.RepaintManager$ProcessingRunnable.run(RepaintManager.java:1731)
	at java.awt.event.InvocationEvent.dispatch(InvocationEvent.java:311)
	at java.awt.EventQueue.dispatchEventImpl(EventQueue.java:758)
	at java.awt.EventQueue.access$500(EventQueue.java:97)
	at java.awt.EventQueue$3.run(EventQueue.java:709)
	at java.awt.EventQueue$3.run(EventQueue.java:703)
	at java.security.AccessController.doPrivileged(Native Method)
	at java.security.ProtectionDomain$JavaSecurityAccessImpl.doIntersectionPrivilege(ProtectionDomain.java:74)
	at java.awt.EventQueue.dispatchEvent(EventQueue.java:728)
	at java.awt.EventDispatchThread.pumpOneEventForFilters(EventDispatchThread.java:205)
	at java.awt.EventDispatchThread.pumpEventsForFilter(EventDispatchThread.java:116)
	at java.awt.EventDispatchThread.pumpEventsForHierarchy(EventDispatchThread.java:105)
	at java.awt.EventDispatchThread.pumpEvents(EventDispatchThread.java:101)
	at java.awt.EventDispatchThread.pumpEvents(EventDispatchThread.java:93)
	at java.awt.EventDispatchThread.run(EventDispatchThread.java:82)
